#
# There is insufficient memory for the Java Runtime Environment to continue.
# Native memory allocation (mmap) failed to map 70254592 bytes for Failed to commit area from 0x0000000089e00000 to 0x000000008e100000 of length 70254592.
# Possible reasons:
#   The system is out of physical RAM or swap space
#   The process is running with CompressedOops enabled, and the Java Heap may be blocking the growth of the native heap
# Possible solutions:
#   Reduce memory load on the system
#   Increase physical memory or swap space
#   Check if swap backing store is full
#   Decrease Java heap size (-Xmx/-Xms)
#   Decrease number of Java threads
#   Decrease Java thread stack sizes (-Xss)
#   Set larger code cache with -XX:ReservedCodeCacheSize=
#   JVM is running with Unscaled Compressed Oops mode in which the Java heap is
#     placed in the first 4GB address space. The Java Heap base address is the
#     maximum limit for the native heap growth. Please use -XX:HeapBaseMinAddress
#     to set the Java Heap base and to place the Java Heap above 4GB virtual address.
# This output file may be truncated or incomplete.
#
#  Out of Memory Error (./src/hotspot/os/windows/os_windows.cpp:3619), pid=17540, tid=18620
#
# JRE version: OpenJDK Runtime Environment (11.0.13) (build 11.0.13+0-b1751.21-8125866)
# Java VM: OpenJDK 64-Bit Server VM (11.0.13+0-b1751.21-8125866, mixed mode, tiered, compressed oops, g1 gc, windows-amd64)
# No core dump will be written. Minidumps are not enabled by default on client versions of Windows
#

---------------  S U M M A R Y ------------

Command Line: --add-opens=java.base/java.util=ALL-UNNAMED --add-opens=java.base/java.lang=ALL-UNNAMED --add-opens=java.base/java.lang.invoke=ALL-UNNAMED --add-opens=java.base/java.util=ALL-UNNAMED --add-opens=java.prefs/java.util.prefs=ALL-UNNAMED --add-opens=java.prefs/java.util.prefs=ALL-UNNAMED --add-opens=java.base/java.nio.charset=ALL-UNNAMED --add-opens=java.base/java.net=ALL-UNNAMED --add-opens=java.base/java.util.concurrent.atomic=ALL-UNNAMED -Xmx2048m -Dfile.encoding=UTF-8 -Duser.country=ES -Duser.language=es -Duser.variant org.gradle.launcher.daemon.bootstrap.GradleDaemon 7.4

Host: Intel(R) Xeon(R) CPU E5-2690 v3 @ 2.60GHz, 8 cores, 9G,  Windows 10 , 64 bit Build 18362 (10.0.18362.1350)
Time: Thu Feb 16 09:36:40 2023 Hora est. Pacífico, Sudamérica elapsed time: 64.286845 seconds (0d 0h 1m 4s)

---------------  T H R E A D  ---------------

Current thread (0x000002cfee87f000):  VMThread "VM Thread" [stack: 0x000000d042900000,0x000000d042a00000] [id=18620]

Stack: [0x000000d042900000,0x000000d042a00000]
[error occurred during error reporting (printing stack bounds), id 0xc0000005, EXCEPTION_ACCESS_VIOLATION (0xc0000005) at pc=0x000002cfd766112d]

Native frames: (J=compiled Java code, j=interpreted, Vv=VM code, C=native code)
V  [jvm.dll+0x6100fa]
V  [jvm.dll+0x747090]
V  [jvm.dll+0x7486ad]
V  [jvm.dll+0x748ce5]
V  [jvm.dll+0x748c9b]
V  [jvm.dll+0x60f224]
V  [jvm.dll+0x60f9b8]
C  [ntdll.dll+0xa1eef]
C  [ntdll.dll+0x6aad9]
C  [ntdll.dll+0xa0b5e]
C  0x000002cfd766112d

VM_Operation (0x000000d043cf81f0): G1CollectForAllocation, mode: safepoint, requested by thread 0x000002cfef157800


---------------  P R O C E S S  ---------------

Threads class SMR info:
_java_thread_list=0x000002cff538dc80, length=124, elements={
0x000002cfd3b9b800, 0x000002cfee883800, 0x000002cfee88d000, 0x000002cfee8de800,
0x000002cfee8e1800, 0x000002cfee8e3800, 0x000002cfee8e5800, 0x000002cfee8e7000,
0x000002cfee8e8000, 0x000002cfeea57800, 0x000002cff095b000, 0x000002cff0075800,
0x000002cff1717800, 0x000002cff008d000, 0x000002cff0481800, 0x000002cfeff71800,
0x000002cfef157800, 0x000002cfefb85000, 0x000002cff0a95000, 0x000002cff052a000,
0x000002cff09fc800, 0x000002cff09fb800, 0x000002cff09f7800, 0x000002cff09fa000,
0x000002cff09fd800, 0x000002cff09f9000, 0x000002cff09fb000, 0x000002cff09fe000,
0x000002cff09f8800, 0x000002cfef893800, 0x000002cfef894800, 0x000002cfef895000,
0x000002cfef896800, 0x000002cfef896000, 0x000002cfef891000, 0x000002cfef897800,
0x000002cfef892000, 0x000002cfef898800, 0x000002cfef892800, 0x000002cfef89b800,
0x000002cfef89b000, 0x000002cfef89c800, 0x000002cfef89d800, 0x000002cfef89f000,
0x000002cfef899000, 0x000002cfef89f800, 0x000002cfef89a000, 0x000002cff20a7800,
0x000002cff20a9800, 0x000002cff20a6000, 0x000002cff20a7000, 0x000002cff20a8800,
0x000002cff20a3800, 0x000002cff20aa000, 0x000002cff20a4800, 0x000002cff20ab000,
0x000002cff20a5000, 0x000002cff20ae000, 0x000002cff20b0000, 0x000002cff20ad800,
0x000002cff20af000, 0x000002cff20b0800, 0x000002cff20b1800, 0x000002cff20ab800,
0x000002cff20ac800, 0x000002cff20b2000, 0x000002cff2751800, 0x000002cff274e800,
0x000002cff2753800, 0x000002cff274f800, 0x000002cff2752800, 0x000002cff274d800,
0x000002cff2754000, 0x000002cff2755000, 0x000002cff2756000, 0x000002cff2751000,
0x000002cff2750000, 0x000002cff2758000, 0x000002cff275a000, 0x000002cff275c800,
0x000002cff275a800, 0x000002cff2756800, 0x000002cff2759000, 0x000002cff275b800,
0x000002cff2757800, 0x000002cff1364000, 0x000002cff1364800, 0x000002cff1365800,
0x000002cff1366800, 0x000002cff1367000, 0x000002cff1368000, 0x000002cff1362000,
0x000002cff1368800, 0x000002cff1363000, 0x000002cff136e800, 0x000002cff136f800,
0x000002cff136b000, 0x000002cff136a800, 0x000002cff136c000, 0x000002cff1369800,
0x000002cff1370000, 0x000002cff136d000, 0x000002cff1371000, 0x000002cff136d800,
0x000002cff162c800, 0x000002cff162b000, 0x000002cff162e800, 0x000002cff1629800,
0x000002cff162d800, 0x000002cff1630000, 0x000002cff162f000, 0x000002cff162a800,
0x000002cff162c000, 0x000002cff1632800, 0x000002cff1636800, 0x000002cff1635000,
0x000002cff1631000, 0x000002cff1634000, 0x000002cff1637800, 0x000002cff1631800,
0x000002cff1633000, 0x000002cff1635800, 0x000002cff1638000, 0x000002cff6c49800
}

Java Threads: ( => current thread )
  0x000002cfd3b9b800 JavaThread "main" [_thread_blocked, id=13764, stack(0x000000d042300000,0x000000d042400000)]
  0x000002cfee883800 JavaThread "Reference Handler" daemon [_thread_blocked, id=26292, stack(0x000000d042a00000,0x000000d042b00000)]
  0x000002cfee88d000 JavaThread "Finalizer" daemon [_thread_blocked, id=20736, stack(0x000000d042b00000,0x000000d042c00000)]
  0x000002cfee8de800 JavaThread "Signal Dispatcher" daemon [_thread_blocked, id=14040, stack(0x000000d042c00000,0x000000d042d00000)]
  0x000002cfee8e1800 JavaThread "Attach Listener" daemon [_thread_blocked, id=21624, stack(0x000000d042d00000,0x000000d042e00000)]
  0x000002cfee8e3800 JavaThread "Service Thread" daemon [_thread_blocked, id=10228, stack(0x000000d042e00000,0x000000d042f00000)]
  0x000002cfee8e5800 JavaThread "C2 CompilerThread0" daemon [_thread_in_native, id=5860, stack(0x000000d042f00000,0x000000d043000000)]
  0x000002cfee8e7000 JavaThread "C1 CompilerThread0" daemon [_thread_blocked, id=18320, stack(0x000000d043000000,0x000000d043100000)]
  0x000002cfee8e8000 JavaThread "Sweeper thread" daemon [_thread_blocked, id=22128, stack(0x000000d043100000,0x000000d043200000)]
  0x000002cfeea57800 JavaThread "Common-Cleaner" daemon [_thread_blocked, id=22532, stack(0x000000d043200000,0x000000d043300000)]
  0x000002cff095b000 JavaThread "Daemon health stats" [_thread_blocked, id=24532, stack(0x000000d043600000,0x000000d043700000)]
  0x000002cff0075800 JavaThread "Incoming local TCP Connector on port 1577" [_thread_in_native, id=21792, stack(0x000000d043700000,0x000000d043800000)]
  0x000002cff1717800 JavaThread "Daemon periodic checks" [_thread_blocked, id=13688, stack(0x000000d043800000,0x000000d043900000)]
  0x000002cff008d000 JavaThread "Daemon" [_thread_blocked, id=19852, stack(0x000000d043900000,0x000000d043a00000)]
  0x000002cff0481800 JavaThread "Handler for socket connection from /127.0.0.1:1577 to /127.0.0.1:1579" [_thread_in_native, id=26136, stack(0x000000d043a00000,0x000000d043b00000)]
  0x000002cfeff71800 JavaThread "Cancel handler" [_thread_blocked, id=15460, stack(0x000000d043b00000,0x000000d043c00000)]
  0x000002cfef157800 JavaThread "Daemon worker" [_thread_blocked, id=26064, stack(0x000000d043c00000,0x000000d043d00000)]
  0x000002cfefb85000 JavaThread "Asynchronous log dispatcher for DefaultDaemonConnection: socket connection from /127.0.0.1:1577 to /127.0.0.1:1579" [_thread_blocked, id=25728, stack(0x000000d043d00000,0x000000d043e00000)]
  0x000002cff0a95000 JavaThread "Stdin handler" [_thread_blocked, id=9560, stack(0x000000d043e00000,0x000000d043f00000)]
  0x000002cff052a000 JavaThread "Daemon client event forwarder" [_thread_blocked, id=17988, stack(0x000000d043f00000,0x000000d044000000)]
  0x000002cff09fc800 JavaThread "Cache worker for journal cache (C:\Users\escritorio.virtual28\.gradle\caches\journal-1)" [_thread_blocked, id=24364, stack(0x000000d044500000,0x000000d044600000)]
  0x000002cff09fb800 JavaThread "File lock request listener" [_thread_in_native, id=19128, stack(0x000000d044600000,0x000000d044700000)]
  0x000002cff09f7800 JavaThread "Cache worker for file hash cache (C:\Users\escritorio.virtual28\.gradle\caches\7.4\fileHashes)" [_thread_blocked, id=25588, stack(0x000000d044800000,0x000000d044900000)]
  0x000002cff09fa000 JavaThread "File watcher server" daemon [_thread_in_native, id=18544, stack(0x000000d044900000,0x000000d044a00000)]
  0x000002cff09fd800 JavaThread "File watcher consumer" daemon [_thread_blocked, id=23864, stack(0x000000d044a00000,0x000000d044b00000)]
  0x000002cff09f9000 JavaThread "jar transforms" [_thread_blocked, id=25520, stack(0x000000d044b00000,0x000000d044c00000)]
  0x000002cff09fb000 JavaThread "jar transforms Thread 2" [_thread_blocked, id=13572, stack(0x000000d044c00000,0x000000d044d00000)]
  0x000002cff09fe000 JavaThread "jar transforms Thread 3" [_thread_blocked, id=24912, stack(0x000000d044d00000,0x000000d044e00000)]
  0x000002cff09f8800 JavaThread "jar transforms Thread 4" [_thread_blocked, id=26080, stack(0x000000d044e00000,0x000000d044f00000)]
  0x000002cfef893800 JavaThread "jar transforms Thread 5" [_thread_blocked, id=25852, stack(0x000000d044f00000,0x000000d045000000)]
  0x000002cfef894800 JavaThread "jar transforms Thread 6" [_thread_blocked, id=11224, stack(0x000000d045000000,0x000000d045100000)]
  0x000002cfef895000 JavaThread "jar transforms Thread 7" [_thread_blocked, id=20052, stack(0x000000d045100000,0x000000d045200000)]
  0x000002cfef896800 JavaThread "jar transforms Thread 8" [_thread_blocked, id=24224, stack(0x000000d045200000,0x000000d045300000)]
  0x000002cfef896000 JavaThread "Cache worker for checksums cache (C:\Users\escritorio.virtual28\Desktop\Pablo_Velez\Repositorio_GitKraken\velez-zurita-pablo-alexander-ms\01-android\.gradle\7.4\checksums)" [_thread_blocked, id=26376, stack(0x000000d045300000,0x000000d045400000)]
  0x000002cfef891000 JavaThread "Cache worker for cache directory md-rule (C:\Users\escritorio.virtual28\.gradle\caches\7.4\md-rule)" [_thread_blocked, id=3108, stack(0x000000d045400000,0x000000d045500000)]
  0x000002cfef897800 JavaThread "Cache worker for file hash cache (C:\Users\escritorio.virtual28\Desktop\Pablo_Velez\Repositorio_GitKraken\velez-zurita-pablo-alexander-ms\01-android\.gradle\7.4\fileHashes)" [_thread_blocked, id=14340, stack(0x000000d045500000,0x000000d045600000)]
  0x000002cfef892000 JavaThread "Cache worker for cache directory md-supplier (C:\Users\escritorio.virtual28\.gradle\caches\7.4\md-supplier)" [_thread_blocked, id=6760, stack(0x000000d045600000,0x000000d045700000)]
  0x000002cfef898800 JavaThread "Cache worker for execution history cache (C:\Users\escritorio.virtual28\.gradle\caches\7.4\executionHistory)" [_thread_blocked, id=23612, stack(0x000000d045700000,0x000000d045800000)]
  0x000002cfef892800 JavaThread "Cache worker for file content cache (C:\Users\escritorio.virtual28\.gradle\caches\7.4\fileContent)" [_thread_blocked, id=8708, stack(0x000000d045800000,0x000000d045900000)]
  0x000002cfef89b800 JavaThread "Cache worker for dependencies-accessors (C:\Users\escritorio.virtual28\Desktop\Pablo_Velez\Repositorio_GitKraken\velez-zurita-pablo-alexander-ms\01-android\.gradle\7.4\dependencies-accessors)" [_thread_blocked, id=24524, stack(0x000000d045900000,0x000000d045a00000)]
  0x000002cfef89b000 JavaThread "Cache worker for Build Output Cleanup Cache (C:\Users\escritorio.virtual28\Desktop\Pablo_Velez\Repositorio_GitKraken\velez-zurita-pablo-alexander-ms\01-android\.gradle\buildOutputCleanup)" [_thread_blocked, id=11864, stack(0x000000d045a00000,0x000000d045b00000)]
  0x000002cfef89c800 JavaThread "Unconstrained build operations" [_thread_blocked, id=1052, stack(0x000000d045b00000,0x000000d045c00000)]
  0x000002cfef89d800 JavaThread "Unconstrained build operations Thread 2" [_thread_blocked, id=22844, stack(0x000000d045c00000,0x000000d045d00000)]
  0x000002cfef89f000 JavaThread "Unconstrained build operations Thread 3" [_thread_blocked, id=21116, stack(0x000000d045d00000,0x000000d045e00000)]
  0x000002cfef899000 JavaThread "Unconstrained build operations Thread 4" [_thread_blocked, id=15540, stack(0x000000d045e00000,0x000000d045f00000)]
  0x000002cfef89f800 JavaThread "Unconstrained build operations Thread 5" [_thread_blocked, id=24204, stack(0x000000d045f00000,0x000000d046000000)]
  0x000002cfef89a000 JavaThread "Unconstrained build operations Thread 6" [_thread_blocked, id=14600, stack(0x000000d046000000,0x000000d046100000)]
  0x000002cff20a7800 JavaThread "Unconstrained build operations Thread 7" [_thread_blocked, id=25452, stack(0x000000d046100000,0x000000d046200000)]
  0x000002cff20a9800 JavaThread "Unconstrained build operations Thread 8" [_thread_blocked, id=18596, stack(0x000000d046200000,0x000000d046300000)]
  0x000002cff20a6000 JavaThread "Unconstrained build operations Thread 9" [_thread_blocked, id=26196, stack(0x000000d046300000,0x000000d046400000)]
  0x000002cff20a7000 JavaThread "Unconstrained build operations Thread 10" [_thread_blocked, id=26392, stack(0x000000d046400000,0x000000d046500000)]
  0x000002cff20a8800 JavaThread "Unconstrained build operations Thread 11" [_thread_blocked, id=17740, stack(0x000000d046500000,0x000000d046600000)]
  0x000002cff20a3800 JavaThread "Unconstrained build operations Thread 12" [_thread_blocked, id=24280, stack(0x000000d046600000,0x000000d046700000)]
  0x000002cff20aa000 JavaThread "Unconstrained build operations Thread 13" [_thread_blocked, id=17668, stack(0x000000d046700000,0x000000d046800000)]
  0x000002cff20a4800 JavaThread "Unconstrained build operations Thread 14" [_thread_blocked, id=24456, stack(0x000000d046800000,0x000000d046900000)]
  0x000002cff20ab000 JavaThread "Unconstrained build operations Thread 15" [_thread_blocked, id=25980, stack(0x000000d046900000,0x000000d046a00000)]
  0x000002cff20a5000 JavaThread "Unconstrained build operations Thread 16" [_thread_blocked, id=13212, stack(0x000000d046a00000,0x000000d046b00000)]
  0x000002cff20ae000 JavaThread "Unconstrained build operations Thread 17" [_thread_blocked, id=18820, stack(0x000000d046b00000,0x000000d046c00000)]
  0x000002cff20b0000 JavaThread "Unconstrained build operations Thread 18" [_thread_blocked, id=23032, stack(0x000000d046c00000,0x000000d046d00000)]
  0x000002cff20ad800 JavaThread "Unconstrained build operations Thread 19" [_thread_blocked, id=25512, stack(0x000000d046d00000,0x000000d046e00000)]
  0x000002cff20af000 JavaThread "Unconstrained build operations Thread 20" [_thread_blocked, id=13188, stack(0x000000d046e00000,0x000000d046f00000)]
  0x000002cff20b0800 JavaThread "Unconstrained build operations Thread 21" [_thread_blocked, id=26468, stack(0x000000d046f00000,0x000000d047000000)]
  0x000002cff20b1800 JavaThread "Unconstrained build operations Thread 22" [_thread_blocked, id=18468, stack(0x000000d047000000,0x000000d047100000)]
  0x000002cff20ab800 JavaThread "Unconstrained build operations Thread 23" [_thread_blocked, id=24940, stack(0x000000d047100000,0x000000d047200000)]
  0x000002cff20ac800 JavaThread "Unconstrained build operations Thread 24" [_thread_blocked, id=19204, stack(0x000000d047200000,0x000000d047300000)]
  0x000002cff20b2000 JavaThread "Unconstrained build operations Thread 25" [_thread_blocked, id=25360, stack(0x000000d047300000,0x000000d047400000)]
  0x000002cff2751800 JavaThread "Unconstrained build operations Thread 26" [_thread_blocked, id=25856, stack(0x000000d047400000,0x000000d047500000)]
  0x000002cff274e800 JavaThread "Unconstrained build operations Thread 27" [_thread_blocked, id=11100, stack(0x000000d047500000,0x000000d047600000)]
  0x000002cff2753800 JavaThread "Unconstrained build operations Thread 28" [_thread_blocked, id=26228, stack(0x000000d047600000,0x000000d047700000)]
  0x000002cff274f800 JavaThread "Unconstrained build operations Thread 29" [_thread_blocked, id=26132, stack(0x000000d047700000,0x000000d047800000)]
  0x000002cff2752800 JavaThread "Unconstrained build operations Thread 30" [_thread_blocked, id=25732, stack(0x000000d047800000,0x000000d047900000)]
  0x000002cff274d800 JavaThread "Unconstrained build operations Thread 31" [_thread_blocked, id=18240, stack(0x000000d047900000,0x000000d047a00000)]
  0x000002cff2754000 JavaThread "Unconstrained build operations Thread 32" [_thread_blocked, id=23624, stack(0x000000d047a00000,0x000000d047b00000)]
  0x000002cff2755000 JavaThread "Unconstrained build operations Thread 33" [_thread_blocked, id=25924, stack(0x000000d047b00000,0x000000d047c00000)]
  0x000002cff2756000 JavaThread "Unconstrained build operations Thread 34" [_thread_blocked, id=4240, stack(0x000000d047c00000,0x000000d047d00000)]
  0x000002cff2751000 JavaThread "Unconstrained build operations Thread 35" [_thread_blocked, id=4840, stack(0x000000d047d00000,0x000000d047e00000)]
  0x000002cff2750000 JavaThread "Unconstrained build operations Thread 36" [_thread_blocked, id=12512, stack(0x000000d047e00000,0x000000d047f00000)]
  0x000002cff2758000 JavaThread "Unconstrained build operations Thread 37" [_thread_blocked, id=19440, stack(0x000000d047f00000,0x000000d048000000)]
  0x000002cff275a000 JavaThread "Unconstrained build operations Thread 38" [_thread_blocked, id=10944, stack(0x000000d048000000,0x000000d048100000)]
  0x000002cff275c800 JavaThread "Unconstrained build operations Thread 39" [_thread_blocked, id=25468, stack(0x000000d048100000,0x000000d048200000)]
  0x000002cff275a800 JavaThread "Unconstrained build operations Thread 40" [_thread_blocked, id=24564, stack(0x000000d048200000,0x000000d048300000)]
  0x000002cff2756800 JavaThread "Unconstrained build operations Thread 41" [_thread_blocked, id=15580, stack(0x000000d048300000,0x000000d048400000)]
  0x000002cff2759000 JavaThread "Unconstrained build operations Thread 42" [_thread_blocked, id=9600, stack(0x000000d048400000,0x000000d048500000)]
  0x000002cff275b800 JavaThread "Unconstrained build operations Thread 43" [_thread_blocked, id=3052, stack(0x000000d048500000,0x000000d048600000)]
  0x000002cff2757800 JavaThread "Unconstrained build operations Thread 44" [_thread_blocked, id=23212, stack(0x000000d048600000,0x000000d048700000)]
  0x000002cff1364000 JavaThread "Unconstrained build operations Thread 45" [_thread_blocked, id=25252, stack(0x000000d048700000,0x000000d048800000)]
  0x000002cff1364800 JavaThread "Unconstrained build operations Thread 46" [_thread_blocked, id=6812, stack(0x000000d048800000,0x000000d048900000)]
  0x000002cff1365800 JavaThread "Unconstrained build operations Thread 47" [_thread_blocked, id=14420, stack(0x000000d048900000,0x000000d048a00000)]
  0x000002cff1366800 JavaThread "Unconstrained build operations Thread 48" [_thread_blocked, id=19620, stack(0x000000d048a00000,0x000000d048b00000)]
  0x000002cff1367000 JavaThread "Unconstrained build operations Thread 49" [_thread_blocked, id=26008, stack(0x000000d048b00000,0x000000d048c00000)]
  0x000002cff1368000 JavaThread "Unconstrained build operations Thread 50" [_thread_blocked, id=19676, stack(0x000000d048c00000,0x000000d048d00000)]
  0x000002cff1362000 JavaThread "Unconstrained build operations Thread 51" [_thread_blocked, id=24684, stack(0x000000d048d00000,0x000000d048e00000)]
  0x000002cff1368800 JavaThread "Unconstrained build operations Thread 52" [_thread_blocked, id=20508, stack(0x000000d048e00000,0x000000d048f00000)]
  0x000002cff1363000 JavaThread "Unconstrained build operations Thread 53" [_thread_blocked, id=22560, stack(0x000000d048f00000,0x000000d049000000)]
  0x000002cff136e800 JavaThread "Unconstrained build operations Thread 54" [_thread_blocked, id=6116, stack(0x000000d049000000,0x000000d049100000)]
  0x000002cff136f800 JavaThread "Unconstrained build operations Thread 55" [_thread_blocked, id=17484, stack(0x000000d049100000,0x000000d049200000)]
  0x000002cff136b000 JavaThread "Unconstrained build operations Thread 56" [_thread_blocked, id=25572, stack(0x000000d049200000,0x000000d049300000)]
  0x000002cff136a800 JavaThread "Unconstrained build operations Thread 57" [_thread_blocked, id=15836, stack(0x000000d049300000,0x000000d049400000)]
  0x000002cff136c000 JavaThread "Unconstrained build operations Thread 58" [_thread_blocked, id=25068, stack(0x000000d049400000,0x000000d049500000)]
  0x000002cff1369800 JavaThread "Unconstrained build operations Thread 59" [_thread_blocked, id=8560, stack(0x000000d049500000,0x000000d049600000)]
  0x000002cff1370000 JavaThread "Unconstrained build operations Thread 60" [_thread_blocked, id=24500, stack(0x000000d049600000,0x000000d049700000)]
  0x000002cff136d000 JavaThread "Unconstrained build operations Thread 61" [_thread_blocked, id=8676, stack(0x000000d049700000,0x000000d049800000)]
  0x000002cff1371000 JavaThread "Unconstrained build operations Thread 62" [_thread_blocked, id=4264, stack(0x000000d049800000,0x000000d049900000)]
  0x000002cff136d800 JavaThread "Unconstrained build operations Thread 63" [_thread_blocked, id=25048, stack(0x000000d049900000,0x000000d049a00000)]
  0x000002cff162c800 JavaThread "Unconstrained build operations Thread 64" [_thread_blocked, id=25872, stack(0x000000d049a00000,0x000000d049b00000)]
  0x000002cff162b000 JavaThread "Unconstrained build operations Thread 65" [_thread_blocked, id=5808, stack(0x000000d049b00000,0x000000d049c00000)]
  0x000002cff162e800 JavaThread "Unconstrained build operations Thread 66" [_thread_blocked, id=26344, stack(0x000000d049c00000,0x000000d049d00000)]
  0x000002cff1629800 JavaThread "Unconstrained build operations Thread 67" [_thread_blocked, id=15940, stack(0x000000d049d00000,0x000000d049e00000)]
  0x000002cff162d800 JavaThread "Unconstrained build operations Thread 68" [_thread_blocked, id=20384, stack(0x000000d049e00000,0x000000d049f00000)]
  0x000002cff1630000 JavaThread "Unconstrained build operations Thread 69" [_thread_blocked, id=18480, stack(0x000000d049f00000,0x000000d04a000000)]
  0x000002cff162f000 JavaThread "Unconstrained build operations Thread 70" [_thread_blocked, id=17088, stack(0x000000d04a000000,0x000000d04a100000)]
  0x000002cff162a800 JavaThread "Unconstrained build operations Thread 71" [_thread_blocked, id=25120, stack(0x000000d04a100000,0x000000d04a200000)]
  0x000002cff162c000 JavaThread "Unconstrained build operations Thread 72" [_thread_blocked, id=9792, stack(0x000000d04a200000,0x000000d04a300000)]
  0x000002cff1632800 JavaThread "Unconstrained build operations Thread 73" [_thread_blocked, id=24316, stack(0x000000d04a300000,0x000000d04a400000)]
  0x000002cff1636800 JavaThread "Unconstrained build operations Thread 74" [_thread_blocked, id=12252, stack(0x000000d04a400000,0x000000d04a500000)]
  0x000002cff1635000 JavaThread "Unconstrained build operations Thread 75" [_thread_blocked, id=19436, stack(0x000000d04a500000,0x000000d04a600000)]
  0x000002cff1631000 JavaThread "Unconstrained build operations Thread 76" [_thread_blocked, id=22176, stack(0x000000d04a600000,0x000000d04a700000)]
  0x000002cff1634000 JavaThread "Unconstrained build operations Thread 77" [_thread_blocked, id=17908, stack(0x000000d04a700000,0x000000d04a800000)]
  0x000002cff1637800 JavaThread "Unconstrained build operations Thread 78" [_thread_blocked, id=10388, stack(0x000000d04a800000,0x000000d04a900000)]
  0x000002cff1631800 JavaThread "Unconstrained build operations Thread 79" [_thread_blocked, id=19748, stack(0x000000d04a900000,0x000000d04aa00000)]
  0x000002cff1633000 JavaThread "Unconstrained build operations Thread 80" [_thread_blocked, id=23444, stack(0x000000d04aa00000,0x000000d04ab00000)]
  0x000002cff1635800 JavaThread "Memory manager" [_thread_blocked, id=24624, stack(0x000000d04ad00000,0x000000d04ae00000)]
  0x000002cff1638000 JavaThread "included builds" [_thread_blocked, id=8788, stack(0x000000d042000000,0x000000d042100000)]
  0x000002cff6c49800 JavaThread "Cache worker for execution history cache (C:\Users\escritorio.virtual28\Desktop\Pablo_Velez\Repositorio_GitKraken\velez-zurita-pablo-alexander-ms\01-android\.gradle\7.4\executionHistory)" [_thread_blocked, id=22452, stack(0x000000d04b300000,0x000000d04b400000)]

Other Threads:
=>0x000002cfee87f000 VMThread "VM Thread" [stack: 0x000000d042900000,0x000000d042a00000] [id=18620]
  0x000002cfeea8c800 WatcherThread [stack: 0x000000d043300000,0x000000d043400000] [id=8072]
  0x000002cfd3bb3800 GCTaskThread "GC Thread#0" [stack: 0x000000d042400000,0x000000d042500000] [id=8]
  0x000002cfef584800 GCTaskThread "GC Thread#1" [stack: 0x000000d043400000,0x000000d043500000] [id=24180]
  0x000002cfef585000 GCTaskThread "GC Thread#2" [stack: 0x000000d043500000,0x000000d043600000] [id=26316]
  0x000002cfeea72800 GCTaskThread "GC Thread#3" [stack: 0x000000d044000000,0x000000d044100000] [id=13872]
  0x000002cfef79a800 GCTaskThread "GC Thread#4" [stack: 0x000000d044100000,0x000000d044200000] [id=22284]
  0x000002cfefc53800 GCTaskThread "GC Thread#5" [stack: 0x000000d044200000,0x000000d044300000] [id=17836]
  0x000002cfeea89800 GCTaskThread "GC Thread#6" [stack: 0x000000d044300000,0x000000d044400000] [id=25888]
  0x000002cfefa49800 GCTaskThread "GC Thread#7" [stack: 0x000000d044400000,0x000000d044500000] [id=25604]
  0x000002cfd3be5000 ConcurrentGCThread "G1 Main Marker" [stack: 0x000000d042500000,0x000000d042600000] [id=20048]
  0x000002cfd3be6000 ConcurrentGCThread "G1 Conc#0" [stack: 0x000000d042600000,0x000000d042700000] [id=20028]
  0x000002cff0db1000 ConcurrentGCThread "G1 Conc#1" [stack: 0x000000d044700000,0x000000d044800000] [id=25928]
  0x000002cfedec2000 ConcurrentGCThread "G1 Refine#0" [stack: 0x000000d042700000,0x000000d042800000] [id=20044]
  0x000002cfedec5800 ConcurrentGCThread "G1 Young RemSet Sampling" [stack: 0x000000d042800000,0x000000d042900000] [id=24588]

Threads with active compile tasks:
C2 CompilerThread0  64536 8543 %     4       org.gradle.internal.instantiation.generator.AbstractClassGenerator::inspectType @ 250 (560 bytes)

VM state:at safepoint (normal execution)

VM Mutex/Monitor currently owned by a thread:  ([mutex/lock_event])
[0x000002cfd3b97f50] Threads_lock - owner thread: 0x000002cfee87f000
[0x000002cfd3b97ad0] Heap_lock - owner thread: 0x000002cfef157800

Heap address: 0x0000000080000000, size: 2048 MB, Compressed Oops mode: 32-bit
Narrow klass base: 0x0000000000000000, Narrow klass shift: 3
Compressed class space size: 1073741824 Address: 0x0000000100000000

Heap:
 garbage-first heap   total 230400K, used 143137K [0x0000000080000000, 0x0000000100000000)
  region size 1024K, 1 young (1024K), 1 survivors (1024K)
 Metaspace       used 83559K, capacity 85735K, committed 85808K, reserved 1124352K
  class space    used 10829K, capacity 11583K, committed 11648K, reserved 1048576K
Heap Regions: E=young(eden), S=young(survivor), O=old, HS=humongous(starts), HC=humongous(continues), CS=collection set, F=free, A=archive, TAMS=top-at-mark-start (previous, next)
|   0|0x0000000080000000, 0x0000000080100000, 0x0000000080100000|100%| O|  |TAMS 0x0000000080100000, 0x0000000080100000| Untracked 
|   1|0x0000000080100000, 0x0000000080200000, 0x0000000080200000|100%| O|  |TAMS 0x0000000080200000, 0x0000000080200000| Untracked 
|   2|0x0000000080200000, 0x0000000080300000, 0x0000000080300000|100%| O|  |TAMS 0x0000000080300000, 0x0000000080300000| Untracked 
|   3|0x0000000080300000, 0x0000000080400000, 0x0000000080400000|100%|HS|  |TAMS 0x0000000080400000, 0x0000000080400000| Complete 
|   4|0x0000000080400000, 0x0000000080500000, 0x0000000080500000|100%|HC|  |TAMS 0x0000000080500000, 0x0000000080500000| Complete 
|   5|0x0000000080500000, 0x0000000080600000, 0x0000000080600000|100%|HC|  |TAMS 0x0000000080600000, 0x0000000080600000| Complete 
|   6|0x0000000080600000, 0x0000000080700000, 0x0000000080700000|100%| O|  |TAMS 0x0000000080700000, 0x0000000080700000| Untracked 
|   7|0x0000000080700000, 0x0000000080800000, 0x0000000080800000|100%| O|  |TAMS 0x0000000080800000, 0x0000000080800000| Untracked 
|   8|0x0000000080800000, 0x0000000080900000, 0x0000000080900000|100%| O|  |TAMS 0x0000000080900000, 0x0000000080900000| Untracked 
|   9|0x0000000080900000, 0x0000000080a00000, 0x0000000080a00000|100%| O|  |TAMS 0x0000000080a00000, 0x0000000080a00000| Untracked 
|  10|0x0000000080a00000, 0x0000000080b00000, 0x0000000080b00000|100%| O|  |TAMS 0x0000000080b00000, 0x0000000080b00000| Untracked 
|  11|0x0000000080b00000, 0x0000000080c00000, 0x0000000080c00000|100%| O|  |TAMS 0x0000000080c00000, 0x0000000080c00000| Untracked 
|  12|0x0000000080c00000, 0x0000000080d00000, 0x0000000080d00000|100%| O|  |TAMS 0x0000000080d00000, 0x0000000080d00000| Untracked 
|  13|0x0000000080d00000, 0x0000000080e00000, 0x0000000080e00000|100%| O|  |TAMS 0x0000000080e00000, 0x0000000080e00000| Untracked 
|  14|0x0000000080e00000, 0x0000000080f00000, 0x0000000080f00000|100%| O|  |TAMS 0x0000000080f00000, 0x0000000080f00000| Untracked 
|  15|0x0000000080f00000, 0x0000000081000000, 0x0000000081000000|100%| O|  |TAMS 0x0000000081000000, 0x0000000081000000| Untracked 
|  16|0x0000000081000000, 0x0000000081100000, 0x0000000081100000|100%|HS|  |TAMS 0x0000000081100000, 0x0000000081100000| Complete 
|  17|0x0000000081100000, 0x0000000081200000, 0x0000000081200000|100%|HC|  |TAMS 0x0000000081200000, 0x0000000081200000| Complete 
|  18|0x0000000081200000, 0x0000000081300000, 0x0000000081300000|100%|HS|  |TAMS 0x0000000081300000, 0x0000000081300000| Complete 
|  19|0x0000000081300000, 0x0000000081400000, 0x0000000081400000|100%|HC|  |TAMS 0x0000000081400000, 0x0000000081400000| Complete 
|  20|0x0000000081400000, 0x0000000081500000, 0x0000000081500000|100%|HC|  |TAMS 0x0000000081500000, 0x0000000081500000| Complete 
|  21|0x0000000081500000, 0x0000000081600000, 0x0000000081600000|100%|HS|  |TAMS 0x0000000081600000, 0x0000000081600000| Complete 
|  22|0x0000000081600000, 0x0000000081700000, 0x0000000081700000|100%|HC|  |TAMS 0x0000000081700000, 0x0000000081700000| Complete 
|  23|0x0000000081700000, 0x0000000081800000, 0x0000000081800000|100%|HC|  |TAMS 0x0000000081800000, 0x0000000081800000| Complete 
|  24|0x0000000081800000, 0x0000000081900000, 0x0000000081900000|100%|HS|  |TAMS 0x0000000081900000, 0x0000000081900000| Complete 
|  25|0x0000000081900000, 0x0000000081a00000, 0x0000000081a00000|100%|HC|  |TAMS 0x0000000081a00000, 0x0000000081a00000| Complete 
|  26|0x0000000081a00000, 0x0000000081b00000, 0x0000000081b00000|100%|HC|  |TAMS 0x0000000081b00000, 0x0000000081b00000| Complete 
|  27|0x0000000081b00000, 0x0000000081c00000, 0x0000000081c00000|100%|HC|  |TAMS 0x0000000081c00000, 0x0000000081c00000| Complete 
|  28|0x0000000081c00000, 0x0000000081d00000, 0x0000000081d00000|100%|HS|  |TAMS 0x0000000081d00000, 0x0000000081d00000| Complete 
|  29|0x0000000081d00000, 0x0000000081e00000, 0x0000000081e00000|100%|HC|  |TAMS 0x0000000081e00000, 0x0000000081e00000| Complete 
|  30|0x0000000081e00000, 0x0000000081f00000, 0x0000000081f00000|100%|HC|  |TAMS 0x0000000081f00000, 0x0000000081f00000| Complete 
|  31|0x0000000081f00000, 0x0000000082000000, 0x0000000082000000|100%|HC|  |TAMS 0x0000000082000000, 0x0000000082000000| Complete 
|  32|0x0000000082000000, 0x0000000082100000, 0x0000000082100000|100%|HC|  |TAMS 0x0000000082100000, 0x0000000082100000| Complete 
|  33|0x0000000082100000, 0x0000000082200000, 0x0000000082200000|100%|HS|  |TAMS 0x0000000082200000, 0x0000000082200000| Complete 
|  34|0x0000000082200000, 0x0000000082300000, 0x0000000082300000|100%| O|  |TAMS 0x0000000082300000, 0x0000000082300000| Untracked 
|  35|0x0000000082300000, 0x0000000082400000, 0x0000000082400000|100%| O|  |TAMS 0x0000000082400000, 0x0000000082400000| Untracked 
|  36|0x0000000082400000, 0x0000000082500000, 0x0000000082500000|100%| O|  |TAMS 0x0000000082500000, 0x0000000082500000| Untracked 
|  37|0x0000000082500000, 0x0000000082600000, 0x0000000082600000|100%| O|  |TAMS 0x0000000082600000, 0x0000000082600000| Untracked 
|  38|0x0000000082600000, 0x0000000082700000, 0x0000000082700000|100%| O|  |TAMS 0x0000000082700000, 0x0000000082700000| Untracked 
|  39|0x0000000082700000, 0x0000000082800000, 0x0000000082800000|100%| O|  |TAMS 0x0000000082800000, 0x0000000082800000| Untracked 
|  40|0x0000000082800000, 0x0000000082900000, 0x0000000082900000|100%| O|  |TAMS 0x0000000082900000, 0x0000000082900000| Untracked 
|  41|0x0000000082900000, 0x0000000082a00000, 0x0000000082a00000|100%|HS|  |TAMS 0x0000000082a00000, 0x0000000082a00000| Complete 
|  42|0x0000000082a00000, 0x0000000082b00000, 0x0000000082b00000|100%|HC|  |TAMS 0x0000000082b00000, 0x0000000082b00000| Complete 
|  43|0x0000000082b00000, 0x0000000082c00000, 0x0000000082c00000|100%|HC|  |TAMS 0x0000000082c00000, 0x0000000082c00000| Complete 
|  44|0x0000000082c00000, 0x0000000082d00000, 0x0000000082d00000|100%|HC|  |TAMS 0x0000000082d00000, 0x0000000082d00000| Complete 
|  45|0x0000000082d00000, 0x0000000082e00000, 0x0000000082e00000|100%|HS|  |TAMS 0x0000000082e00000, 0x0000000082e00000| Complete 
|  46|0x0000000082e00000, 0x0000000082f00000, 0x0000000082f00000|100%|HC|  |TAMS 0x0000000082f00000, 0x0000000082f00000| Complete 
|  47|0x0000000082f00000, 0x0000000083000000, 0x0000000083000000|100%|HC|  |TAMS 0x0000000083000000, 0x0000000083000000| Complete 
|  48|0x0000000083000000, 0x0000000083100000, 0x0000000083100000|100%|HS|  |TAMS 0x0000000083100000, 0x0000000083100000| Complete 
|  49|0x0000000083100000, 0x0000000083200000, 0x0000000083200000|100%|HC|  |TAMS 0x0000000083200000, 0x0000000083200000| Complete 
|  50|0x0000000083200000, 0x0000000083300000, 0x0000000083300000|100%|HS|  |TAMS 0x0000000083300000, 0x0000000083300000| Complete 
|  51|0x0000000083300000, 0x0000000083400000, 0x0000000083400000|100%|HC|  |TAMS 0x0000000083400000, 0x0000000083400000| Complete 
|  52|0x0000000083400000, 0x0000000083500000, 0x0000000083500000|100%|HC|  |TAMS 0x0000000083500000, 0x0000000083500000| Complete 
|  53|0x0000000083500000, 0x0000000083600000, 0x0000000083600000|100%| O|  |TAMS 0x0000000083600000, 0x0000000083600000| Untracked 
|  54|0x0000000083600000, 0x0000000083700000, 0x0000000083700000|100%| O|  |TAMS 0x0000000083700000, 0x0000000083700000| Untracked 
|  55|0x0000000083700000, 0x0000000083800000, 0x0000000083800000|100%| O|  |TAMS 0x0000000083800000, 0x0000000083800000| Untracked 
|  56|0x0000000083800000, 0x0000000083900000, 0x0000000083900000|100%| O|  |TAMS 0x0000000083900000, 0x0000000083900000| Untracked 
|  57|0x0000000083900000, 0x0000000083a00000, 0x0000000083a00000|100%| O|  |TAMS 0x0000000083a00000, 0x0000000083a00000| Untracked 
|  58|0x0000000083a00000, 0x0000000083b00000, 0x0000000083b00000|100%| O|  |TAMS 0x0000000083b00000, 0x0000000083b00000| Untracked 
|  59|0x0000000083b00000, 0x0000000083c00000, 0x0000000083c00000|100%| O|  |TAMS 0x0000000083c00000, 0x0000000083c00000| Untracked 
|  60|0x0000000083c00000, 0x0000000083d00000, 0x0000000083d00000|100%| O|  |TAMS 0x0000000083d00000, 0x0000000083d00000| Untracked 
|  61|0x0000000083d00000, 0x0000000083e00000, 0x0000000083e00000|100%| O|  |TAMS 0x0000000083e00000, 0x0000000083e00000| Untracked 
|  62|0x0000000083e00000, 0x0000000083f00000, 0x0000000083f00000|100%|HS|  |TAMS 0x0000000083f00000, 0x0000000083f00000| Complete 
|  63|0x0000000083f00000, 0x0000000084000000, 0x0000000084000000|100%|HC|  |TAMS 0x0000000084000000, 0x0000000084000000| Complete 
|  64|0x0000000084000000, 0x0000000084100000, 0x0000000084100000|100%|HC|  |TAMS 0x0000000084100000, 0x0000000084100000| Complete 
|  65|0x0000000084100000, 0x0000000084200000, 0x0000000084200000|100%|HC|  |TAMS 0x0000000084200000, 0x0000000084200000| Complete 
|  66|0x0000000084200000, 0x0000000084300000, 0x0000000084300000|100%|HC|  |TAMS 0x0000000084300000, 0x0000000084300000| Complete 
|  67|0x0000000084300000, 0x0000000084400000, 0x0000000084400000|100%| O|  |TAMS 0x0000000084400000, 0x0000000084400000| Untracked 
|  68|0x0000000084400000, 0x0000000084500000, 0x0000000084500000|100%| O|  |TAMS 0x0000000084500000, 0x0000000084500000| Untracked 
|  69|0x0000000084500000, 0x0000000084600000, 0x0000000084600000|100%| O|  |TAMS 0x0000000084600000, 0x0000000084600000| Untracked 
|  70|0x0000000084600000, 0x0000000084700000, 0x0000000084700000|100%| O|  |TAMS 0x0000000084700000, 0x0000000084700000| Untracked 
|  71|0x0000000084700000, 0x0000000084800000, 0x0000000084800000|100%| O|  |TAMS 0x0000000084800000, 0x0000000084800000| Untracked 
|  72|0x0000000084800000, 0x0000000084900000, 0x0000000084900000|100%|HS|  |TAMS 0x0000000084900000, 0x0000000084900000| Complete 
|  73|0x0000000084900000, 0x0000000084a00000, 0x0000000084a00000|100%| O|  |TAMS 0x0000000084a00000, 0x0000000084a00000| Untracked 
|  74|0x0000000084a00000, 0x0000000084b00000, 0x0000000084b00000|100%| O|  |TAMS 0x0000000084b00000, 0x0000000084b00000| Untracked 
|  75|0x0000000084b00000, 0x0000000084c00000, 0x0000000084c00000|100%| O|  |TAMS 0x0000000084c00000, 0x0000000084c00000| Untracked 
|  76|0x0000000084c00000, 0x0000000084d00000, 0x0000000084d00000|100%| O|  |TAMS 0x0000000084d00000, 0x0000000084d00000| Untracked 
|  77|0x0000000084d00000, 0x0000000084e00000, 0x0000000084e00000|100%|HS|  |TAMS 0x0000000084e00000, 0x0000000084e00000| Complete 
|  78|0x0000000084e00000, 0x0000000084f00000, 0x0000000084f00000|100%|HS|  |TAMS 0x0000000084f00000, 0x0000000084f00000| Complete 
|  79|0x0000000084f00000, 0x0000000085000000, 0x0000000085000000|100%| O|  |TAMS 0x0000000085000000, 0x0000000085000000| Untracked 
|  80|0x0000000085000000, 0x0000000085100000, 0x0000000085100000|100%| O|  |TAMS 0x0000000085100000, 0x0000000085100000| Untracked 
|  81|0x0000000085100000, 0x0000000085200000, 0x0000000085200000|100%|HS|  |TAMS 0x0000000085200000, 0x0000000085200000| Complete 
|  82|0x0000000085200000, 0x0000000085300000, 0x0000000085300000|100%|HC|  |TAMS 0x0000000085300000, 0x0000000085300000| Complete 
|  83|0x0000000085300000, 0x0000000085400000, 0x0000000085400000|100%|HC|  |TAMS 0x0000000085400000, 0x0000000085400000| Complete 
|  84|0x0000000085400000, 0x0000000085500000, 0x0000000085500000|100%|HC|  |TAMS 0x0000000085500000, 0x0000000085500000| Complete 
|  85|0x0000000085500000, 0x0000000085600000, 0x0000000085600000|100%| O|  |TAMS 0x0000000085600000, 0x0000000085600000| Untracked 
|  86|0x0000000085600000, 0x0000000085700000, 0x0000000085700000|100%| O|  |TAMS 0x0000000085700000, 0x0000000085700000| Untracked 
|  87|0x0000000085700000, 0x0000000085800000, 0x0000000085800000|100%| O|  |TAMS 0x0000000085800000, 0x0000000085800000| Untracked 
|  88|0x0000000085800000, 0x0000000085900000, 0x0000000085900000|100%| O|  |TAMS 0x0000000085900000, 0x0000000085900000| Untracked 
|  89|0x0000000085900000, 0x0000000085a00000, 0x0000000085a00000|100%| O|  |TAMS 0x0000000085a00000, 0x0000000085a00000| Untracked 
|  90|0x0000000085a00000, 0x0000000085b00000, 0x0000000085b00000|100%|HS|  |TAMS 0x0000000085b00000, 0x0000000085b00000| Complete 
|  91|0x0000000085b00000, 0x0000000085c00000, 0x0000000085c00000|100%|HC|  |TAMS 0x0000000085c00000, 0x0000000085c00000| Complete 
|  92|0x0000000085c00000, 0x0000000085d00000, 0x0000000085d00000|100%| O|  |TAMS 0x0000000085d00000, 0x0000000085d00000| Untracked 
|  93|0x0000000085d00000, 0x0000000085e00000, 0x0000000085e00000|100%| O|  |TAMS 0x0000000085e00000, 0x0000000085e00000| Untracked 
|  94|0x0000000085e00000, 0x0000000085f00000, 0x0000000085f00000|100%| O|  |TAMS 0x0000000085f00000, 0x0000000085f00000| Untracked 
|  95|0x0000000085f00000, 0x0000000086000000, 0x0000000086000000|100%| O|  |TAMS 0x0000000086000000, 0x0000000086000000| Untracked 
|  96|0x0000000086000000, 0x0000000086100000, 0x0000000086100000|100%| O|  |TAMS 0x0000000086100000, 0x0000000086100000| Untracked 
|  97|0x0000000086100000, 0x0000000086200000, 0x0000000086200000|100%| O|  |TAMS 0x0000000086200000, 0x0000000086200000| Untracked 
|  98|0x0000000086200000, 0x0000000086300000, 0x0000000086300000|100%| O|  |TAMS 0x0000000086300000, 0x0000000086300000| Untracked 
|  99|0x0000000086300000, 0x0000000086400000, 0x0000000086400000|100%| O|  |TAMS 0x0000000086400000, 0x0000000086400000| Untracked 
| 100|0x0000000086400000, 0x0000000086500000, 0x0000000086500000|100%| O|  |TAMS 0x0000000086500000, 0x0000000086500000| Untracked 
| 101|0x0000000086500000, 0x0000000086600000, 0x0000000086600000|100%| O|  |TAMS 0x0000000086600000, 0x0000000086600000| Untracked 
| 102|0x0000000086600000, 0x0000000086700000, 0x0000000086700000|100%| O|  |TAMS 0x0000000086700000, 0x0000000086700000| Untracked 
| 103|0x0000000086700000, 0x0000000086800000, 0x0000000086800000|100%| O|  |TAMS 0x0000000086800000, 0x0000000086800000| Untracked 
| 104|0x0000000086800000, 0x0000000086900000, 0x0000000086900000|100%| O|  |TAMS 0x0000000086900000, 0x0000000086900000| Untracked 
| 105|0x0000000086900000, 0x0000000086a00000, 0x0000000086a00000|100%| O|  |TAMS 0x0000000086a00000, 0x0000000086a00000| Untracked 
| 106|0x0000000086a00000, 0x0000000086b00000, 0x0000000086b00000|100%| O|  |TAMS 0x0000000086b00000, 0x0000000086b00000| Untracked 
| 107|0x0000000086b00000, 0x0000000086c00000, 0x0000000086c00000|100%| O|  |TAMS 0x0000000086c00000, 0x0000000086c00000| Untracked 
| 108|0x0000000086c00000, 0x0000000086d00000, 0x0000000086d00000|100%| O|  |TAMS 0x0000000086d00000, 0x0000000086d00000| Untracked 
| 109|0x0000000086d00000, 0x0000000086e00000, 0x0000000086e00000|100%| O|  |TAMS 0x0000000086e00000, 0x0000000086e00000| Untracked 
| 110|0x0000000086e00000, 0x0000000086f00000, 0x0000000086f00000|100%| O|  |TAMS 0x0000000086f00000, 0x0000000086f00000| Untracked 
| 111|0x0000000086f00000, 0x0000000087000000, 0x0000000087000000|100%|HS|  |TAMS 0x0000000087000000, 0x0000000087000000| Complete 
| 112|0x0000000087000000, 0x0000000087100000, 0x0000000087100000|100%|HC|  |TAMS 0x0000000087100000, 0x0000000087100000| Complete 
| 113|0x0000000087100000, 0x0000000087200000, 0x0000000087200000|100%|HS|  |TAMS 0x0000000087200000, 0x0000000087200000| Complete 
| 114|0x0000000087200000, 0x0000000087300000, 0x0000000087300000|100%|HC|  |TAMS 0x0000000087300000, 0x0000000087300000| Complete 
| 115|0x0000000087300000, 0x0000000087400000, 0x0000000087400000|100%|HC|  |TAMS 0x0000000087400000, 0x0000000087400000| Complete 
| 116|0x0000000087400000, 0x0000000087500000, 0x0000000087500000|100%| O|  |TAMS 0x0000000087500000, 0x0000000087500000| Untracked 
| 117|0x0000000087500000, 0x0000000087600000, 0x0000000087600000|100%| O|  |TAMS 0x0000000087600000, 0x0000000087600000| Untracked 
| 118|0x0000000087600000, 0x0000000087700000, 0x0000000087700000|100%|HS|  |TAMS 0x0000000087700000, 0x0000000087700000| Complete 
| 119|0x0000000087700000, 0x0000000087800000, 0x0000000087800000|100%|HC|  |TAMS 0x0000000087800000, 0x0000000087800000| Complete 
| 120|0x0000000087800000, 0x0000000087900000, 0x0000000087900000|100%|HC|  |TAMS 0x0000000087900000, 0x0000000087900000| Complete 
| 121|0x0000000087900000, 0x0000000087a00000, 0x0000000087a00000|100%| O|  |TAMS 0x0000000087a00000, 0x0000000087a00000| Untracked 
| 122|0x0000000087a00000, 0x0000000087b00000, 0x0000000087b00000|100%|HS|  |TAMS 0x0000000087b00000, 0x0000000087b00000| Complete 
| 123|0x0000000087b00000, 0x0000000087c00000, 0x0000000087c00000|100%|HC|  |TAMS 0x0000000087c00000, 0x0000000087c00000| Complete 
| 124|0x0000000087c00000, 0x0000000087d00000, 0x0000000087d00000|100%|HC|  |TAMS 0x0000000087d00000, 0x0000000087d00000| Complete 
| 125|0x0000000087d00000, 0x0000000087e00000, 0x0000000087e00000|100%|HC|  |TAMS 0x0000000087e00000, 0x0000000087e00000| Complete 
| 126|0x0000000087e00000, 0x0000000087f00000, 0x0000000087f00000|100%| O|  |TAMS 0x0000000087f00000, 0x0000000087f00000| Untracked 
| 127|0x0000000087f00000, 0x0000000088000000, 0x0000000088000000|100%|HS|  |TAMS 0x0000000088000000, 0x0000000088000000| Complete 
| 128|0x0000000088000000, 0x0000000088100000, 0x0000000088100000|100%|HC|  |TAMS 0x0000000088100000, 0x0000000088100000| Complete 
| 129|0x0000000088100000, 0x0000000088200000, 0x0000000088200000|100%|HC|  |TAMS 0x0000000088200000, 0x0000000088200000| Complete 
| 130|0x0000000088200000, 0x0000000088300000, 0x0000000088300000|100%|HC|  |TAMS 0x0000000088300000, 0x0000000088300000| Complete 
| 131|0x0000000088300000, 0x0000000088400000, 0x0000000088400000|100%|HC|  |TAMS 0x0000000088400000, 0x0000000088400000| Complete 
| 132|0x0000000088400000, 0x0000000088500000, 0x0000000088500000|100%| O|  |TAMS 0x0000000088500000, 0x0000000088500000| Untracked 
| 133|0x0000000088500000, 0x0000000088600000, 0x0000000088600000|100%|HS|  |TAMS 0x0000000088600000, 0x0000000088600000| Complete 
| 134|0x0000000088600000, 0x0000000088700000, 0x0000000088700000|100%| O|  |TAMS 0x0000000088700000, 0x0000000088700000| Untracked 
| 135|0x0000000088700000, 0x0000000088800000, 0x0000000088800000|100%| O|  |TAMS 0x0000000088800000, 0x0000000088800000| Untracked 
| 136|0x0000000088800000, 0x0000000088900000, 0x0000000088900000|100%| O|  |TAMS 0x0000000088900000, 0x0000000088900000| Untracked 
| 137|0x0000000088900000, 0x0000000088a00000, 0x0000000088a00000|100%| O|  |TAMS 0x0000000088a00000, 0x0000000088a00000| Untracked 
| 138|0x0000000088a00000, 0x0000000088b00000, 0x0000000088b00000|100%| O|  |TAMS 0x0000000088b00000, 0x0000000088b00000| Untracked 
| 139|0x0000000088b00000, 0x0000000088b44000, 0x0000000088c00000| 26%| O|  |TAMS 0x0000000088b44000, 0x0000000088b44000| Untracked 
| 140|0x0000000088c00000, 0x0000000088c00000, 0x0000000088d00000|  0%| F|  |TAMS 0x0000000088c00000, 0x0000000088c00000| Untracked 
| 141|0x0000000088d00000, 0x0000000088d00000, 0x0000000088e00000|  0%| F|  |TAMS 0x0000000088d00000, 0x0000000088d00000| Untracked 
| 142|0x0000000088e00000, 0x0000000088e00000, 0x0000000088f00000|  0%| F|  |TAMS 0x0000000088e00000, 0x0000000088e00000| Untracked 
| 143|0x0000000088f00000, 0x0000000088f00000, 0x0000000089000000|  0%| F|  |TAMS 0x0000000088f00000, 0x0000000088f00000| Untracked 
| 144|0x0000000089000000, 0x0000000089000000, 0x0000000089100000|  0%| F|  |TAMS 0x0000000089000000, 0x0000000089000000| Untracked 
| 145|0x0000000089100000, 0x0000000089100000, 0x0000000089200000|  0%| F|  |TAMS 0x0000000089100000, 0x0000000089100000| Untracked 
| 146|0x0000000089200000, 0x0000000089200000, 0x0000000089300000|  0%| F|  |TAMS 0x0000000089200000, 0x0000000089200000| Untracked 
| 147|0x0000000089300000, 0x0000000089300000, 0x0000000089400000|  0%| F|  |TAMS 0x0000000089300000, 0x0000000089300000| Untracked 
| 148|0x0000000089400000, 0x0000000089400000, 0x0000000089500000|  0%| F|  |TAMS 0x0000000089400000, 0x0000000089400000| Untracked 
| 149|0x0000000089500000, 0x0000000089500000, 0x0000000089600000|  0%| F|  |TAMS 0x0000000089500000, 0x0000000089500000| Untracked 
| 150|0x0000000089600000, 0x0000000089600000, 0x0000000089700000|  0%| F|  |TAMS 0x0000000089600000, 0x0000000089600000| Untracked 
| 151|0x0000000089700000, 0x00000000897846e0, 0x0000000089800000| 51%| S|CS|TAMS 0x0000000089700000, 0x0000000089700000| Complete 
| 152|0x0000000089800000, 0x0000000089800000, 0x0000000089900000|  0%| F|  |TAMS 0x0000000089800000, 0x0000000089800000| Untracked 
| 153|0x0000000089900000, 0x0000000089900000, 0x0000000089a00000|  0%| F|  |TAMS 0x0000000089900000, 0x0000000089900000| Untracked 
| 154|0x0000000089a00000, 0x0000000089a00000, 0x0000000089b00000|  0%| F|  |TAMS 0x0000000089a00000, 0x0000000089a00000| Untracked 
| 155|0x0000000089b00000, 0x0000000089b00000, 0x0000000089c00000|  0%| F|  |TAMS 0x0000000089b00000, 0x0000000089b00000| Untracked 
| 156|0x0000000089c00000, 0x0000000089c00000, 0x0000000089d00000|  0%| F|  |TAMS 0x0000000089c00000, 0x0000000089c00000| Untracked 
| 157|0x0000000089d00000, 0x0000000089d00000, 0x0000000089e00000|  0%| F|  |TAMS 0x0000000089d00000, 0x0000000089d00000| Untracked 

Card table byte_map: [0x000002cfe6da0000,0x000002cfe71a0000] _byte_map_base: 0x000002cfe69a0000

Marking Bits (Prev, Next): (CMBitMap*) 0x000002cfd3bdc250, (CMBitMap*) 0x000002cfd3bdc218
 Prev Bits: [0x000002cfe95a0000, 0x000002cfeb5a0000)
 Next Bits: [0x000002cfe75a0000, 0x000002cfe95a0000)

Polling page: 0x000002cfd3320000

Metaspace:

Usage:
  Non-class:     72.41 MB capacity,    71.03 MB ( 98%) used,     1.17 MB (  2%) free+waste,   222.81 KB ( <1%) overhead. 
      Class:     11.31 MB capacity,    10.58 MB ( 93%) used,   648.90 KB (  6%) free+waste,   104.44 KB ( <1%) overhead. 
       Both:     83.73 MB capacity,    81.60 MB ( 97%) used,     1.80 MB (  2%) free+waste,   327.25 KB ( <1%) overhead. 

Virtual space:
  Non-class space:       74.00 MB reserved,      72.42 MB ( 98%) committed 
      Class space:        1.00 GB reserved,      11.38 MB (  1%) committed 
             Both:        1.07 GB reserved,      83.80 MB (  8%) committed 

Chunk freelists:
   Non-Class:  8.00 KB
       Class:  1.00 KB
        Both:  9.00 KB

MaxMetaspaceSize: 17179869184.00 GB
CompressedClassSpaceSize: 1.00 GB
Initial GC threshold: 20.80 MB
Current GC threshold: 139.66 MB
CDS: off

CodeHeap 'non-profiled nmethods': size=120000Kb used=4876Kb max_used=4876Kb free=115123Kb
 bounds [0x000002cfdf130000, 0x000002cfdf600000, 0x000002cfe6660000]
CodeHeap 'profiled nmethods': size=120000Kb used=19062Kb max_used=19062Kb free=100937Kb
 bounds [0x000002cfd7c00000, 0x000002cfd8ea0000, 0x000002cfdf130000]
CodeHeap 'non-nmethods': size=5760Kb used=2368Kb max_used=2419Kb free=3391Kb
 bounds [0x000002cfd7660000, 0x000002cfd78d0000, 0x000002cfd7c00000]
 total_blobs=9416 nmethods=8525 adapters=803
 compilation: enabled
              stopped_count=0, restarted_count=0
 full_count=0

Compilation events (20 events):
Event: 64.075 Thread 0x000002cfee8e7000 8589       3       org.objectweb.asm.SymbolTable$Entry::<init> (20 bytes)
Event: 64.075 Thread 0x000002cfee8e7000 nmethod 8589 0x000002cfd8e92e90 code [0x000002cfd8e93040, 0x000002cfd8e93188]
Event: 64.076 Thread 0x000002cfee8e7000 8590       3       org.gradle.initialization.MixInLegacyTypesClassLoader::access$100 (4 bytes)
Event: 64.076 Thread 0x000002cfee8e7000 nmethod 8590 0x000002cfd8e93290 code [0x000002cfd8e93440, 0x000002cfd8e93538]
Event: 64.084 Thread 0x000002cfee8e7000 8591       3       org.gradle.api.internal.collections.CollectionFilter::filter (39 bytes)
Event: 64.085 Thread 0x000002cfee8e7000 nmethod 8591 0x000002cfd8e93610 code [0x000002cfd8e93820, 0x000002cfd8e93ce8]
Event: 64.088 Thread 0x000002cfee8e7000 8592       3       org.gradle.api.internal.GeneratedSubclasses::unpackType (22 bytes)
Event: 64.088 Thread 0x000002cfee8e7000 nmethod 8592 0x000002cfd8e93e90 code [0x000002cfd8e94060, 0x000002cfd8e94488]
Event: 64.092 Thread 0x000002cfee8e7000 8593       3       java.util.TreeSet::<init> (10 bytes)
Event: 64.092 Thread 0x000002cfee8e7000 nmethod 8593 0x000002cfd8e94590 code [0x000002cfd8e94760, 0x000002cfd8e949d8]
Event: 64.123 Thread 0x000002cfee8e7000 8594   !   3       org.slf4j.LoggerFactory::getILoggerFactory (103 bytes)
Event: 64.124 Thread 0x000002cfee8e7000 nmethod 8594 0x000002cfd8e94b10 code [0x000002cfd8e94d40, 0x000002cfd8e95498]
Event: 64.125 Thread 0x000002cfee8e7000 8595       3       org.slf4j.LoggerFactory::getLogger (12 bytes)
Event: 64.125 Thread 0x000002cfee8e7000 nmethod 8595 0x000002cfd8e95710 code [0x000002cfd8e958e0, 0x000002cfd8e95ab8]
Event: 64.125 Thread 0x000002cfee8e7000 8596       3       org.gradle.internal.logging.slf4j.OutputEventListenerBackedLoggerContext::getLogger (69 bytes)
Event: 64.126 Thread 0x000002cfee8e7000 nmethod 8596 0x000002cfd8e95b90 code [0x000002cfd8e95dc0, 0x000002cfd8e96768]
Event: 64.126 Thread 0x000002cfee8e7000 8597       3       org.slf4j.LoggerFactory::getLogger (65 bytes)
Event: 64.127 Thread 0x000002cfee8e7000 nmethod 8597 0x000002cfd8e96990 code [0x000002cfd8e96da0, 0x000002cfd8e985a8]
Event: 64.128 Thread 0x000002cfee8e7000 8598       3       org.gradle.tooling.internal.adapter.TypeInspector::visit (198 bytes)
Event: 64.131 Thread 0x000002cfee8e7000 nmethod 8598 0x000002cfd8e98e90 code [0x000002cfd8e99440, 0x000002cfd8e9c7e8]

GC Heap History (20 events):
Event: 63.657 GC heap after
{Heap after GC invocations=62 (full 0):
 garbage-first heap   total 161792K, used 141905K [0x0000000080000000, 0x0000000100000000)
  region size 1024K, 1 young (1024K), 1 survivors (1024K)
 Metaspace       used 81389K, capacity 83504K, committed 83760K, reserved 1122304K
  class space    used 10528K, capacity 11272K, committed 11392K, reserved 1048576K
}
Event: 63.679 GC heap before
{Heap before GC invocations=62 (full 0):
 garbage-first heap   total 161792K, used 148049K [0x0000000080000000, 0x0000000100000000)
  region size 1024K, 7 young (7168K), 1 survivors (1024K)
 Metaspace       used 81500K, capacity 83568K, committed 83760K, reserved 1122304K
  class space    used 10545K, capacity 11272K, committed 11392K, reserved 1048576K
}
Event: 63.680 GC heap after
{Heap after GC invocations=63 (full 0):
 garbage-first heap   total 161792K, used 141804K [0x0000000080000000, 0x0000000100000000)
  region size 1024K, 1 young (1024K), 1 survivors (1024K)
 Metaspace       used 81500K, capacity 83568K, committed 83760K, reserved 1122304K
  class space    used 10545K, capacity 11272K, committed 11392K, reserved 1048576K
}
Event: 63.732 GC heap before
{Heap before GC invocations=63 (full 0):
 garbage-first heap   total 161792K, used 147948K [0x0000000080000000, 0x0000000100000000)
  region size 1024K, 7 young (7168K), 1 survivors (1024K)
 Metaspace       used 81686K, capacity 83792K, committed 84016K, reserved 1122304K
  class space    used 10563K, capacity 11304K, committed 11392K, reserved 1048576K
}
Event: 63.733 GC heap after
{Heap after GC invocations=64 (full 0):
 garbage-first heap   total 161792K, used 141980K [0x0000000080000000, 0x0000000100000000)
  region size 1024K, 1 young (1024K), 1 survivors (1024K)
 Metaspace       used 81686K, capacity 83792K, committed 84016K, reserved 1122304K
  class space    used 10563K, capacity 11304K, committed 11392K, reserved 1048576K
}
Event: 63.767 GC heap before
{Heap before GC invocations=64 (full 0):
 garbage-first heap   total 161792K, used 148124K [0x0000000080000000, 0x0000000100000000)
  region size 1024K, 7 young (7168K), 1 survivors (1024K)
 Metaspace       used 81863K, capacity 83920K, committed 84272K, reserved 1122304K
  class space    used 10583K, capacity 11304K, committed 11392K, reserved 1048576K
}
Event: 63.768 GC heap after
{Heap after GC invocations=65 (full 0):
 garbage-first heap   total 161792K, used 141953K [0x0000000080000000, 0x0000000100000000)
  region size 1024K, 1 young (1024K), 1 survivors (1024K)
 Metaspace       used 81863K, capacity 83920K, committed 84272K, reserved 1122304K
  class space    used 10583K, capacity 11304K, committed 11392K, reserved 1048576K
}
Event: 63.786 GC heap before
{Heap before GC invocations=65 (full 0):
 garbage-first heap   total 161792K, used 148097K [0x0000000080000000, 0x0000000100000000)
  region size 1024K, 7 young (7168K), 1 survivors (1024K)
 Metaspace       used 82032K, capacity 84144K, committed 84272K, reserved 1122304K
  class space    used 10604K, capacity 11336K, committed 11392K, reserved 1048576K
}
Event: 63.788 GC heap after
{Heap after GC invocations=66 (full 0):
 garbage-first heap   total 161792K, used 141965K [0x0000000080000000, 0x0000000100000000)
  region size 1024K, 1 young (1024K), 1 survivors (1024K)
 Metaspace       used 82032K, capacity 84144K, committed 84272K, reserved 1122304K
  class space    used 10604K, capacity 11336K, committed 11392K, reserved 1048576K
}
Event: 63.807 GC heap before
{Heap before GC invocations=67 (full 0):
 garbage-first heap   total 161792K, used 148109K [0x0000000080000000, 0x0000000100000000)
  region size 1024K, 7 young (7168K), 1 survivors (1024K)
 Metaspace       used 82217K, capacity 84304K, committed 84528K, reserved 1122304K
  class space    used 10633K, capacity 11368K, committed 11392K, reserved 1048576K
}
Event: 63.809 GC heap after
{Heap after GC invocations=68 (full 0):
 garbage-first heap   total 161792K, used 142114K [0x0000000080000000, 0x0000000100000000)
  region size 1024K, 1 young (1024K), 1 survivors (1024K)
 Metaspace       used 82217K, capacity 84304K, committed 84528K, reserved 1122304K
  class space    used 10633K, capacity 11368K, committed 11392K, reserved 1048576K
}
Event: 63.858 GC heap before
{Heap before GC invocations=68 (full 0):
 garbage-first heap   total 161792K, used 148258K [0x0000000080000000, 0x0000000100000000)
  region size 1024K, 7 young (7168K), 1 survivors (1024K)
 Metaspace       used 82441K, capacity 84572K, committed 84912K, reserved 1122304K
  class space    used 10662K, capacity 11410K, committed 11520K, reserved 1048576K
}
Event: 63.860 GC heap after
{Heap after GC invocations=69 (full 0):
 garbage-first heap   total 161792K, used 142031K [0x0000000080000000, 0x0000000100000000)
  region size 1024K, 1 young (1024K), 1 survivors (1024K)
 Metaspace       used 82441K, capacity 84572K, committed 84912K, reserved 1122304K
  class space    used 10662K, capacity 11410K, committed 11520K, reserved 1048576K
}
Event: 63.997 GC heap before
{Heap before GC invocations=70 (full 0):
 garbage-first heap   total 161792K, used 148175K [0x0000000080000000, 0x0000000100000000)
  region size 1024K, 7 young (7168K), 1 survivors (1024K)
 Metaspace       used 82755K, capacity 84919K, committed 85168K, reserved 1122304K
  class space    used 10716K, capacity 11482K, committed 11520K, reserved 1048576K
}
Event: 64.000 GC heap after
{Heap after GC invocations=71 (full 0):
 garbage-first heap   total 161792K, used 142722K [0x0000000080000000, 0x0000000100000000)
  region size 1024K, 1 young (1024K), 1 survivors (1024K)
 Metaspace       used 82755K, capacity 84919K, committed 85168K, reserved 1122304K
  class space    used 10716K, capacity 11482K, committed 11520K, reserved 1048576K
}
Event: 64.067 GC heap before
{Heap before GC invocations=71 (full 0):
 garbage-first heap   total 161792K, used 148866K [0x0000000080000000, 0x0000000100000000)
  region size 1024K, 7 young (7168K), 1 survivors (1024K)
 Metaspace       used 83113K, capacity 85277K, committed 85424K, reserved 1124352K
  class space    used 10769K, capacity 11516K, committed 11520K, reserved 1048576K
}
Event: 64.071 GC heap after
{Heap after GC invocations=72 (full 0):
 garbage-first heap   total 161792K, used 142777K [0x0000000080000000, 0x0000000100000000)
  region size 1024K, 1 young (1024K), 1 survivors (1024K)
 Metaspace       used 83113K, capacity 85277K, committed 85424K, reserved 1124352K
  class space    used 10769K, capacity 11516K, committed 11520K, reserved 1048576K
}
Event: 64.219 GC heap before
{Heap before GC invocations=73 (full 0):
 garbage-first heap   total 161792K, used 148921K [0x0000000080000000, 0x0000000100000000)
  region size 1024K, 7 young (7168K), 1 survivors (1024K)
 Metaspace       used 83442K, capacity 85575K, committed 85808K, reserved 1124352K
  class space    used 10812K, capacity 11551K, committed 11648K, reserved 1048576K
}
Event: 64.221 GC heap after
{Heap after GC invocations=74 (full 0):
 garbage-first heap   total 161792K, used 143127K [0x0000000080000000, 0x0000000100000000)
  region size 1024K, 1 young (1024K), 1 survivors (1024K)
 Metaspace       used 83442K, capacity 85575K, committed 85808K, reserved 1124352K
  class space    used 10812K, capacity 11551K, committed 11648K, reserved 1048576K
}
Event: 64.263 GC heap before
{Heap before GC invocations=74 (full 0):
 garbage-first heap   total 161792K, used 149271K [0x0000000080000000, 0x0000000100000000)
  region size 1024K, 7 young (7168K), 1 survivors (1024K)
 Metaspace       used 83559K, capacity 85735K, committed 85808K, reserved 1124352K
  class space    used 10829K, capacity 11583K, committed 11648K, reserved 1048576K
}

Deoptimization events (20 events):
Event: 64.075 Thread 0x000002cfef157800 Uncommon trap: trap_request=0xffffff4d fr.pc=0x000002cfdf560da8 relative=0x0000000000000068
Event: 64.075 Thread 0x000002cfef157800 Uncommon trap: reason=unstable_if action=reinterpret pc=0x000002cfdf560da8 method=org.objectweb.asm.AnnotationWriter.computeAnnotationsSize(Lorg/objectweb/asm/AnnotationWriter;Lorg/objectweb/asm/AnnotationWriter;Lorg/objectweb/asm/AnnotationWriter;Lorg/ob
Event: 64.075 Thread 0x000002cfef157800 DEOPT PACKING pc=0x000002cfdf560da8 sp=0x000000d043cf9800
Event: 64.075 Thread 0x000002cfef157800 DEOPT UNPACKING pc=0x000002cfd76aa1af sp=0x000000d043cf9788 mode 2
Event: 64.075 Thread 0x000002cfef157800 Uncommon trap: trap_request=0xffffff4d fr.pc=0x000002cfdf50a460 relative=0x00000000000000a0
Event: 64.075 Thread 0x000002cfef157800 Uncommon trap: reason=unstable_if action=reinterpret pc=0x000002cfdf50a460 method=org.objectweb.asm.AnnotationWriter.putAnnotations(Lorg/objectweb/asm/SymbolTable;Lorg/objectweb/asm/AnnotationWriter;Lorg/objectweb/asm/AnnotationWriter;Lorg/objectweb/asm/A
Event: 64.075 Thread 0x000002cfef157800 DEOPT PACKING pc=0x000002cfdf50a460 sp=0x000000d043cf97e0
Event: 64.075 Thread 0x000002cfef157800 DEOPT UNPACKING pc=0x000002cfd76aa1af sp=0x000000d043cf9770 mode 2
Event: 64.089 Thread 0x000002cfef157800 Uncommon trap: trap_request=0xffffffde fr.pc=0x000002cfdf4a6f2c relative=0x000000000000058c
Event: 64.089 Thread 0x000002cfef157800 Uncommon trap: reason=class_check action=maybe_recompile pc=0x000002cfdf4a6f2c method=java.util.regex.Matcher.search(I)Z @ 121 c2
Event: 64.089 Thread 0x000002cfef157800 DEOPT PACKING pc=0x000002cfdf4a6f2c sp=0x000000d043cfac10
Event: 64.089 Thread 0x000002cfef157800 DEOPT UNPACKING pc=0x000002cfd76aa1af sp=0x000000d043cfab58 mode 2
Event: 64.090 Thread 0x000002cfef157800 Uncommon trap: trap_request=0xffffffde fr.pc=0x000002cfdf4a6f2c relative=0x000000000000058c
Event: 64.090 Thread 0x000002cfef157800 Uncommon trap: reason=class_check action=maybe_recompile pc=0x000002cfdf4a6f2c method=java.util.regex.Matcher.search(I)Z @ 121 c2
Event: 64.090 Thread 0x000002cfef157800 DEOPT PACKING pc=0x000002cfdf4a6f2c sp=0x000000d043cfaec0
Event: 64.090 Thread 0x000002cfef157800 DEOPT UNPACKING pc=0x000002cfd76aa1af sp=0x000000d043cfae08 mode 2
Event: 64.091 Thread 0x000002cfef157800 Uncommon trap: trap_request=0xffffffde fr.pc=0x000002cfdf4a6f2c relative=0x000000000000058c
Event: 64.091 Thread 0x000002cfef157800 Uncommon trap: reason=class_check action=maybe_recompile pc=0x000002cfdf4a6f2c method=java.util.regex.Matcher.search(I)Z @ 121 c2
Event: 64.091 Thread 0x000002cfef157800 DEOPT PACKING pc=0x000002cfdf4a6f2c sp=0x000000d043cfac00
Event: 64.091 Thread 0x000002cfef157800 DEOPT UNPACKING pc=0x000002cfd76aa1af sp=0x000000d043cfab48 mode 2

Classes redefined (0 events):
No events

Internal exceptions (20 events):
Event: 63.593 Thread 0x000002cfef157800 Exception <a 'java/lang/ClassNotFoundException'{0x0000000089c27d10}: org/gradle/api/internal/tasks/DefaultSourceSetContainerBeanInfo> (0x0000000089c27d10) thrown at [./src/hotspot/share/classfile/systemDictionary.cpp, line 231]
Event: 63.593 Thread 0x000002cfef157800 Exception <a 'java/lang/ClassNotFoundException'{0x0000000089c4a180}: org/gradle/api/internal/tasks/DefaultSourceSetContainerCustomizer> (0x0000000089c4a180) thrown at [./src/hotspot/share/classfile/systemDictionary.cpp, line 231]
Event: 63.594 Thread 0x000002cfef157800 Exception <a 'java/lang/ClassNotFoundException'{0x0000000089c7b710}: org/gradle/api/internal/tasks/DefaultSourceSetContainer_DecoratedCustomizer> (0x0000000089c7b710) thrown at [./src/hotspot/share/classfile/systemDictionary.cpp, line 231]
Event: 63.837 Thread 0x000002cfef157800 Exception <a 'java/lang/NoSuchMethodError'{0x0000000089948dd0}: <clinit>> (0x0000000089948dd0) thrown at [./src/hotspot/share/prims/jni.cpp, line 1366]
Event: 63.838 Thread 0x000002cfef157800 Exception <a 'java/lang/NoSuchMethodError'{0x0000000089960688}: <clinit>> (0x0000000089960688) thrown at [./src/hotspot/share/prims/jni.cpp, line 1366]
Event: 63.839 Thread 0x000002cfef157800 Exception <a 'java/lang/NoSuchMethodError'{0x000000008996e6e0}: <clinit>> (0x000000008996e6e0) thrown at [./src/hotspot/share/prims/jni.cpp, line 1366]
Event: 63.840 Thread 0x000002cfef157800 Exception <a 'java/lang/NoSuchMethodError'{0x00000000899ad0a8}: <clinit>> (0x00000000899ad0a8) thrown at [./src/hotspot/share/prims/jni.cpp, line 1366]
Event: 63.841 Thread 0x000002cfef157800 Exception <a 'java/lang/NoSuchMethodError'{0x00000000899ba3c0}: <clinit>> (0x00000000899ba3c0) thrown at [./src/hotspot/share/prims/jni.cpp, line 1366]
Event: 63.861 Thread 0x000002cfef157800 Exception <a 'java/lang/ClassNotFoundException'{0x0000000089d08638}: org/jetbrains/plugins/gradle/tooling/util/JavaPluginUtilBeanInfo> (0x0000000089d08638) thrown at [./src/hotspot/share/classfile/systemDictionary.cpp, line 231]
Event: 63.861 Thread 0x000002cfef157800 Exception <a 'java/lang/ClassNotFoundException'{0x0000000089d18e68}: org/jetbrains/plugins/gradle/tooling/util/JavaPluginUtilCustomizer> (0x0000000089d18e68) thrown at [./src/hotspot/share/classfile/systemDictionary.cpp, line 231]
Event: 63.898 Thread 0x000002cfef157800 Exception <a 'java/lang/ClassNotFoundException'{0x0000000089c72968}: java/util/CollectionBeanInfo> (0x0000000089c72968) thrown at [./src/hotspot/share/classfile/systemDictionary.cpp, line 231]
Event: 63.898 Thread 0x000002cfef157800 Exception <a 'java/lang/ClassNotFoundException'{0x0000000089c7be58}: java/util/CollectionCustomizer> (0x0000000089c7be58) thrown at [./src/hotspot/share/classfile/systemDictionary.cpp, line 231]
Event: 63.914 Thread 0x000002cfef157800 Exception <a 'java/lang/ClassNotFoundException'{0x0000000089cf7358}: org/gradle/api/tasks/SourceSetBeanInfo> (0x0000000089cf7358) thrown at [./src/hotspot/share/classfile/systemDictionary.cpp, line 231]
Event: 63.915 Thread 0x000002cfef157800 Exception <a 'java/lang/ClassNotFoundException'{0x0000000089b139e0}: org/gradle/api/tasks/SourceSetCustomizer> (0x0000000089b139e0) thrown at [./src/hotspot/share/classfile/systemDictionary.cpp, line 231]
Event: 63.917 Thread 0x000002cfef157800 Exception <a 'java/lang/ClassNotFoundException'{0x0000000089b8e3e0}: java/util/LinkedHashMapBeanInfo> (0x0000000089b8e3e0) thrown at [./src/hotspot/share/classfile/systemDictionary.cpp, line 231]
Event: 63.918 Thread 0x000002cfef157800 Exception <a 'java/lang/ClassNotFoundException'{0x0000000089b96d90}: java/util/HashMapBeanInfo> (0x0000000089b96d90) thrown at [./src/hotspot/share/classfile/systemDictionary.cpp, line 231]
Event: 63.918 Thread 0x000002cfef157800 Exception <a 'java/lang/ClassNotFoundException'{0x0000000089ba0a10}: java/util/AbstractMapBeanInfo> (0x0000000089ba0a10) thrown at [./src/hotspot/share/classfile/systemDictionary.cpp, line 231]
Event: 63.918 Thread 0x000002cfef157800 Exception <a 'java/lang/ClassNotFoundException'{0x0000000089ba9ce0}: java/util/AbstractMapCustomizer> (0x0000000089ba9ce0) thrown at [./src/hotspot/share/classfile/systemDictionary.cpp, line 231]
Event: 63.919 Thread 0x000002cfef157800 Exception <a 'java/lang/ClassNotFoundException'{0x0000000089bbcd30}: java/util/HashMapCustomizer> (0x0000000089bbcd30) thrown at [./src/hotspot/share/classfile/systemDictionary.cpp, line 231]
Event: 63.919 Thread 0x000002cfef157800 Exception <a 'java/lang/ClassNotFoundException'{0x0000000089bdd9d0}: java/util/LinkedHashMapCustomizer> (0x0000000089bdd9d0) thrown at [./src/hotspot/share/classfile/systemDictionary.cpp, line 231]

Events (20 events):
Event: 64.249 loading class com/amazon/ion/impl/_Private_ByteTransferSink done
Event: 64.252 loading class com/amazon/ion/Decimal
Event: 64.252 loading class com/amazon/ion/Decimal done
Event: 64.259 loading class com/amazon/ion/UnknownSymbolException
Event: 64.259 loading class com/amazon/ion/UnknownSymbolException done
Event: 64.260 loading class com/amazon/ion/impl/bin/_Private_IonRawWriter
Event: 64.260 loading class com/amazon/ion/impl/bin/_Private_IonRawWriter done
Event: 64.260 loading class com/amazon/ion/impl/bin/IonManagedBinaryWriter$ImportedSymbolContext
Event: 64.260 loading class com/amazon/ion/impl/bin/IonManagedBinaryWriter$ImportedSymbolContext done
Event: 64.261 loading class com/amazon/ion/impl/bin/IonManagedBinaryWriter$ImportedSymbolResolverMode
Event: 64.261 loading class com/amazon/ion/impl/bin/IonManagedBinaryWriter$ImportedSymbolResolverMode done
Event: 64.262 loading class com/amazon/ion/impl/bin/IonManagedBinaryWriter$ImportedSymbolResolverMode$1
Event: 64.262 loading class com/amazon/ion/impl/bin/IonManagedBinaryWriter$ImportedSymbolResolverMode$1 done
Event: 64.262 loading class com/amazon/ion/impl/bin/IonManagedBinaryWriter$ImportedSymbolResolverMode$2
Event: 64.262 loading class com/amazon/ion/impl/bin/IonManagedBinaryWriter$ImportedSymbolResolverMode$2 done
Event: 64.263 loading class com/amazon/ion/impl/bin/IonManagedBinaryWriter$SymbolResolverBuilder
Event: 64.263 loading class com/amazon/ion/impl/bin/IonManagedBinaryWriter$SymbolResolverBuilder done
Event: 64.263 loading class com/amazon/ion/impl/bin/Symbols
Event: 64.263 loading class com/amazon/ion/impl/bin/Symbols done
Event: 64.263 Executing VM operation: G1CollectForAllocation


Dynamic libraries:
0x00007ff6effe0000 - 0x00007ff6effea000 	C:\Program Files\Android\Android Studio\jre\bin\java.exe
0x00007ffd89f40000 - 0x00007ffd8a130000 	C:\WINDOWS\SYSTEM32\ntdll.dll
0x00007ffd89ad0000 - 0x00007ffd89b82000 	C:\WINDOWS\System32\KERNEL32.DLL
0x00007ffd87d10000 - 0x00007ffd87fb5000 	C:\WINDOWS\System32\KERNELBASE.dll
0x00007ffd86f80000 - 0x00007ffd8707a000 	C:\WINDOWS\System32\ucrtbase.dll
0x00007ffd7c010000 - 0x00007ffd7c027000 	C:\Program Files\Android\Android Studio\jre\bin\VCRUNTIME140.dll
0x00007ffd7b740000 - 0x00007ffd7b759000 	C:\Program Files\Android\Android Studio\jre\bin\jli.dll
0x00007ffd889b0000 - 0x00007ffd88b44000 	C:\WINDOWS\System32\USER32.dll
0x00007ffd87fc0000 - 0x00007ffd87fe1000 	C:\WINDOWS\System32\win32u.dll
0x00007ffd850a0000 - 0x00007ffd85324000 	C:\WINDOWS\WinSxS\amd64_microsoft.windows.common-controls_6595b64144ccf1df_6.0.18362.1379_none_9e7ff3b3e45cc0c4\COMCTL32.dll
0x00007ffd88f20000 - 0x00007ffd88f46000 	C:\WINDOWS\System32\GDI32.dll
0x00007ffd873f0000 - 0x00007ffd87588000 	C:\WINDOWS\System32\gdi32full.dll
0x00007ffd86ec0000 - 0x00007ffd86f5e000 	C:\WINDOWS\System32\msvcp_win.dll
0x00007ffd89c10000 - 0x00007ffd89cae000 	C:\WINDOWS\System32\msvcrt.dll
0x00007ffd89130000 - 0x00007ffd89467000 	C:\WINDOWS\System32\combase.dll
0x00007ffd87ff0000 - 0x00007ffd8810f000 	C:\WINDOWS\System32\RPCRT4.dll
0x00007ffd87190000 - 0x00007ffd87211000 	C:\WINDOWS\System32\bcryptPrimitives.dll
0x00007ffd89e00000 - 0x00007ffd89e2e000 	C:\WINDOWS\System32\IMM32.DLL
0x00007ffd86c90000 - 0x00007ffd86cc3000 	C:\Program Files\Citrix\System32\MfApHook64.dll
0x00007ffd86bd0000 - 0x00007ffd86be2000 	C:\Program Files\Citrix\IcaService\FullScreenHook64.dll
0x00007ffd89080000 - 0x00007ffd89123000 	C:\WINDOWS\System32\ADVAPI32.dll
0x00007ffd895b0000 - 0x00007ffd89647000 	C:\WINDOWS\System32\sechost.dll
0x00007ffd86a30000 - 0x00007ffd86b1f000 	C:\WINDOWS\SYSTEM32\MSVCR120.dll
0x00007ffd86b20000 - 0x00007ffd86bc6000 	C:\WINDOWS\SYSTEM32\MSVCP120.dll
0x00007ffd86490000 - 0x00007ffd864b8000 	C:\Program Files\Citrix\ICAService\ShellHook64.dll
0x00007ffd88da0000 - 0x00007ffd88df2000 	C:\WINDOWS\System32\SHLWAPI.dll
0x00007ffd86390000 - 0x00007ffd86481000 	C:\Program Files\Citrix\IcaService\SCardHook64.dll
0x00007ffd86340000 - 0x00007ffd8635b000 	C:\Program Files\Citrix\ICAService\cxinjime64.dll
0x00007ffd62150000 - 0x00007ffd621ed000 	C:\Program Files\Android\Android Studio\jre\bin\msvcp140.dll
0x00007ffd32080000 - 0x00007ffd32b82000 	C:\Program Files\Android\Android Studio\jre\bin\server\jvm.dll
0x00007ffd869b0000 - 0x00007ffd869ba000 	C:\WINDOWS\SYSTEM32\VERSION.dll
0x00007ffd89650000 - 0x00007ffd89658000 	C:\WINDOWS\System32\PSAPI.DLL
0x00007ffd6a5d0000 - 0x00007ffd6a5d9000 	C:\WINDOWS\SYSTEM32\WSOCK32.dll
0x00007ffd83200000 - 0x00007ffd83224000 	C:\WINDOWS\SYSTEM32\WINMM.dll
0x00007ffd88eb0000 - 0x00007ffd88f1f000 	C:\WINDOWS\System32\ws2_32.DLL
0x00007ffd831d0000 - 0x00007ffd831fd000 	C:\WINDOWS\SYSTEM32\winmmbase.dll
0x00007ffd87220000 - 0x00007ffd8726a000 	C:\WINDOWS\System32\cfgmgr32.dll
0x00007ffd86e00000 - 0x00007ffd86e11000 	C:\WINDOWS\System32\kernel.appcore.dll
0x00007ffd831a0000 - 0x00007ffd831b1000 	C:\Program Files\Android\Android Studio\jre\bin\verify.dll
0x00007ffd84920000 - 0x00007ffd84b14000 	C:\WINDOWS\SYSTEM32\DBGHELP.DLL
0x00007ffd69f20000 - 0x00007ffd69f4a000 	C:\WINDOWS\SYSTEM32\dbgcore.DLL
0x00007ffd7c5d0000 - 0x00007ffd7c5f9000 	C:\Program Files\Android\Android Studio\jre\bin\java.dll
0x00007ffd83190000 - 0x00007ffd8319b000 	C:\Program Files\Android\Android Studio\jre\bin\jimage.dll
0x00007ffd83130000 - 0x00007ffd83148000 	C:\Program Files\Android\Android Studio\jre\bin\zip.dll
0x00007ffd882c0000 - 0x00007ffd889a8000 	C:\WINDOWS\System32\SHELL32.dll
0x00007ffd89e30000 - 0x00007ffd89ed7000 	C:\WINDOWS\System32\shcore.dll
0x00007ffd87590000 - 0x00007ffd87d0b000 	C:\WINDOWS\System32\windows.storage.dll
0x00007ffd86e90000 - 0x00007ffd86eb3000 	C:\WINDOWS\System32\profapi.dll
0x00007ffd86e40000 - 0x00007ffd86e8a000 	C:\WINDOWS\System32\powrprof.dll
0x00007ffd86df0000 - 0x00007ffd86e00000 	C:\WINDOWS\System32\UMPDC.dll
0x00007ffd86f60000 - 0x00007ffd86f77000 	C:\WINDOWS\System32\cryptsp.dll
0x00007ffd7c5b0000 - 0x00007ffd7c5ca000 	C:\Program Files\Android\Android Studio\jre\bin\net.dll
0x00007ffd7e990000 - 0x00007ffd7ea80000 	C:\WINDOWS\SYSTEM32\WINHTTP.dll
0x00007ffd85c80000 - 0x00007ffd85ce7000 	C:\WINDOWS\system32\mswsock.dll
0x00007ffd7c4c0000 - 0x00007ffd7c4d4000 	C:\Program Files\Android\Android Studio\jre\bin\nio.dll
0x00007ffd7c430000 - 0x00007ffd7c457000 	C:\Users\escritorio.virtual28\.gradle\native\e1d6ef7f7dcc3fd88c89a11ec53ec762bb8ba0a96d01ffa2cd45eb1d1d8dd5c5\windows-amd64\native-platform.dll
0x00007ffd4d0c0000 - 0x00007ffd4d204000 	C:\Users\escritorio.virtual28\.gradle\native\0d407fdbe67a94daf76414ababcb853783967236a71b16ec16e742cd7a986fd3\windows-amd64\native-platform-file-events.dll
0x00007ffd83180000 - 0x00007ffd8318a000 	C:\Program Files\Android\Android Studio\jre\bin\management.dll
0x00007ffd83090000 - 0x00007ffd8309d000 	C:\Program Files\Android\Android Studio\jre\bin\management_ext.dll
0x00007ffd85810000 - 0x00007ffd85843000 	C:\WINDOWS\system32\rsaenh.dll
0x00007ffd87270000 - 0x00007ffd87296000 	C:\WINDOWS\System32\bcrypt.dll
0x00007ffd86cd0000 - 0x00007ffd86cf5000 	C:\WINDOWS\SYSTEM32\USERENV.dll
0x00007ffd85e50000 - 0x00007ffd85e5c000 	C:\WINDOWS\SYSTEM32\CRYPTBASE.dll
0x00007ffd859a0000 - 0x00007ffd859da000 	C:\WINDOWS\SYSTEM32\IPHLPAPI.DLL
0x00007ffd88bd0000 - 0x00007ffd88bd8000 	C:\WINDOWS\System32\NSI.dll
0x00007ffd81cf0000 - 0x00007ffd81d06000 	C:\WINDOWS\SYSTEM32\dhcpcsvc6.DLL
0x00007ffd81b50000 - 0x00007ffd81b6c000 	C:\WINDOWS\SYSTEM32\dhcpcsvc.DLL
0x00007ffd859e0000 - 0x00007ffd85aab000 	C:\WINDOWS\SYSTEM32\DNSAPI.dll

dbghelp: loaded successfully - version: 4.0.5 - missing functions: none
symbol engine: initialized successfully - sym options: 0x614 - pdb path: .;C:\Program Files\Android\Android Studio\jre\bin;C:\WINDOWS\SYSTEM32;C:\WINDOWS\WinSxS\amd64_microsoft.windows.common-controls_6595b64144ccf1df_6.0.18362.1379_none_9e7ff3b3e45cc0c4;C:\Program Files\Citrix\System32;C:\Program Files\Citrix\IcaService;C:\Program Files\Android\Android Studio\jre\bin\server;C:\Users\escritorio.virtual28\.gradle\native\e1d6ef7f7dcc3fd88c89a11ec53ec762bb8ba0a96d01ffa2cd45eb1d1d8dd5c5\windows-amd64;C:\Users\escritorio.virtual28\.gradle\native\0d407fdbe67a94daf76414ababcb853783967236a71b16ec16e742cd7a986fd3\windows-amd64

VM Arguments:
jvm_args: --add-opens=java.base/java.util=ALL-UNNAMED --add-opens=java.base/java.lang=ALL-UNNAMED --add-opens=java.base/java.lang.invoke=ALL-UNNAMED --add-opens=java.base/java.util=ALL-UNNAMED --add-opens=java.prefs/java.util.prefs=ALL-UNNAMED --add-opens=java.prefs/java.util.prefs=ALL-UNNAMED --add-opens=java.base/java.nio.charset=ALL-UNNAMED --add-opens=java.base/java.net=ALL-UNNAMED --add-opens=java.base/java.util.concurrent.atomic=ALL-UNNAMED -Xmx2048m -Dfile.encoding=UTF-8 -Duser.country=ES -Duser.language=es -Duser.variant 
java_command: org.gradle.launcher.daemon.bootstrap.GradleDaemon 7.4
java_class_path (initial): C:\Users\escritorio.virtual28\.gradle\wrapper\dists\gradle-7.4-bin\c0gwcg53nkjbqw7r0h0umtfvt\gradle-7.4\lib\gradle-launcher-7.4.jar
Launcher Type: SUN_STANDARD

[Global flags]
     intx CICompilerCount                          = 4                                         {product} {ergonomic}
     uint ConcGCThreads                            = 2                                         {product} {ergonomic}
     uint G1ConcRefinementThreads                  = 8                                         {product} {ergonomic}
   size_t G1HeapRegionSize                         = 1048576                                   {product} {ergonomic}
    uintx GCDrainStackTargetSize                   = 64                                        {product} {ergonomic}
   size_t InitialHeapSize                          = 165675008                                 {product} {ergonomic}
   size_t MarkStackSize                            = 4194304                                   {product} {ergonomic}
   size_t MaxHeapSize                              = 2147483648                                {product} {command line}
   size_t MaxNewSize                               = 1287651328                                {product} {ergonomic}
   size_t MinHeapDeltaBytes                        = 1048576                                   {product} {ergonomic}
    uintx NonNMethodCodeHeapSize                   = 5836300                                {pd product} {ergonomic}
    uintx NonProfiledCodeHeapSize                  = 122910970                              {pd product} {ergonomic}
    uintx ProfiledCodeHeapSize                     = 122910970                              {pd product} {ergonomic}
    uintx ReservedCodeCacheSize                    = 251658240                              {pd product} {ergonomic}
     bool SegmentedCodeCache                       = true                                      {product} {ergonomic}
     bool UseCompressedClassPointers               = true                                 {lp64_product} {ergonomic}
     bool UseCompressedOops                        = true                                 {lp64_product} {ergonomic}
     bool UseG1GC                                  = true                                      {product} {ergonomic}
     bool UseLargePagesIndividualAllocation        = false                                  {pd product} {ergonomic}

Logging:
Log output configuration:
 #0: stdout all=warning uptime,level,tags
 #1: stderr all=off uptime,level,tags

Environment Variables:
PATH=C:\Program Files (x86)\python\Scripts\;C:\Program Files (x86)\python\;C:\Program Files (x86)\Common Files\Oracle\Java\javapath;C:\WINDOWS\system32;C:\WINDOWS;C:\WINDOWS\System32\Wbem;C:\WINDOWS\System32\WindowsPowerShell\v1.0\;C:\WINDOWS\System32\OpenSSH\;C:\Program Files\Citrix\System32\;C:\Program Files\Citrix\ICAService\;C:\Program Files\Microsoft SQL Server\130\Tools\Binn\;C:\Program Files\Microsoft SQL Server\Client SDK\ODBC\170\Tools\Binn\;C:\Program Files\Microsoft SQL Server\Client SDK\ODBC\110\Tools\Binn\;C:\Program Files (x86)\Microsoft SQL Server\120\Tools\Binn\;C:\Program Files\Microsoft SQL Server\120\Tools\Binn\;C:\Program Files\Microsoft SQL Server\120\DTS\Binn\;C:\Program Files (x86)\Microsoft SQL Server\120\Tools\Binn\ManagementStudio\;C:\Program Files (x86)\Microsoft SQL Server\120\DTS\Binn\;C:\Users\escritorio.virtual28\AppData\Local\Microsoft\WindowsApps;C:\Users\escritorio.virtual28\AppData\Local\gitkraken\bin;C:\Users\escritorio.virtual28\AppData\Local\Programs\Git\cmd
USERNAME=escritorio.virtual28
OS=Windows_NT
PROCESSOR_IDENTIFIER=Intel64 Family 6 Model 63 Stepping 2, GenuineIntel



---------------  S Y S T E M  ---------------

OS: Windows 10 , 64 bit Build 18362 (10.0.18362.1350)
OS uptime: 90 days 23:57 hours
VMWare virtualization detected

CPU:total 8 (initial active 8) (4 cores per cpu, 1 threads per core) family 6 model 63 stepping 2 microcode 0x3d, cmov, cx8, fxsr, mmx, sse, sse2, sse3, ssse3, sse4.1, sse4.2, popcnt, avx, avx2, aes, clmul, erms, lzcnt, tsc, tscinvbit, bmi1, bmi2, fma

Memory: 4k page, system-wide physical 9999M (63M free)
TotalPageFile size 22664M (AvailPageFile size 35M)
current process WorkingSet (physical memory assigned to process): 388M, peak: 391M
current process commit charge ("private bytes"): 429M, peak: 496M

vm_info: OpenJDK 64-Bit Server VM (11.0.13+0-b1751.21-8125866) for windows-amd64 JRE (11.0.13+0-b1751.21-8125866), built on Feb  2 2022 03:00:22 by "builder" with MS VC++ 14.0 (VS2015)

END.
